2022-09-05 20:38:11.192 | INFO | Start app tictactoe version: 0.0.1
2022-09-05 20:38:11.400 | INFO | Create Player: 1 with Token: X. Class: ComputerPlayer
2022-09-05 20:38:11.400 | INFO | Create Player: 2 with Token: O. Class: ComputerPlayer
2022-09-05 20:38:11.403 | INFO | Create board for game: 1 of tournament: 1
· | · | ·
· | · | ·
· | · | ·
2022-09-05 20:38:11.403 | INFO | Create actor of type: ActorType.CELL
2022-09-05 20:38:11.403 | INFO | Create actor of type: ActorType.CELL
2022-09-05 20:38:11.403 | INFO | Create actor of type: ActorType.CELL
2022-09-05 20:38:11.403 | INFO | Create actor of type: ActorType.CELL
2022-09-05 20:38:11.404 | INFO | Create actor of type: ActorType.CELL
2022-09-05 20:38:11.404 | INFO | Create actor of type: ActorType.CELL
2022-09-05 20:38:11.404 | INFO | Create actor of type: ActorType.CELL
2022-09-05 20:38:11.404 | INFO | Create actor of type: ActorType.CELL
2022-09-05 20:38:11.404 | INFO | Create actor of type: ActorType.CELL
2022-09-05 20:38:11.404 | INFO | Waiting input from player: X
2022-09-05 20:38:11.404 | INFO | Create actor of type: ActorType.CLOCK_TIMER_A
2022-09-05 20:38:11.408 | INFO | Current game stats:
Time                  -->	2022-09-05 20:38:11.408295
Full screen           -->	     False
------                -->	    ------
Tournaments to play   -->	        10
Games for tournament  -->	         2
Turn max time in secs -->	        15
-------               -->	    ------
Current Tournament    -->	         1
Current Game          -->	         1
--------              -->	------------
Player 1 Game stats for current tournament-->	          
	* Token              -->	         X
	* Computer Controlled-->	      True
----                  -->	    ------
	* Total Draws        -->	         0
	* Total Games Played -->	         0
	* Victories          -->	         0
	* Defeats            -->	         0
	* Draws              -->	         0
	* Tournament Victories-->	         0
---------             -->	------------
Player 2 Game stats for current tournament-->	          
	+ Token              -->	         O
	+ Computer Controlled-->	      True
---                   -->	    ------
	+ Total Draws        -->	         0
	+ Total Games Played -->	         0
	+ Victories          -->	         0
	+ Defeats            -->	         0
	+ Draws              -->	         0
	+ Tournament Victories-->	         0
----------            -->	------------
Tournament Winner     -->	          
-----------           -->	    ------
Tournaments Winners   -->	          
--------------------------------------------------------------
2022-09-05 20:38:11.409 | INFO | Player X sets token in pos: x: 1, y: 2
2022-09-05 20:38:11.410 | INFO | Board:
· | · | ·
· | · | X
· | · | ·
2022-09-05 20:38:11.410 | INFO | Waiting input from player: O
2022-09-05 20:38:11.772 | INFO | Player O sets token in pos: x: 0, y: 2
2022-09-05 20:38:11.773 | INFO | Board:
· | · | O
· | · | X
· | · | ·
2022-09-05 20:38:11.773 | INFO | Waiting input from player: X
2022-09-05 20:38:11.821 | INFO | Player X sets token in pos: x: 0, y: 0
2022-09-05 20:38:11.821 | INFO | Board:
X | · | O
· | · | X
· | · | ·
2022-09-05 20:38:11.821 | INFO | Waiting input from player: O
2022-09-05 20:38:11.830 | INFO | Player O sets token in pos: x: 1, y: 0
2022-09-05 20:38:11.830 | INFO | Board:
X | · | O
O | · | X
· | · | ·
2022-09-05 20:38:11.830 | INFO | Waiting input from player: X
2022-09-05 20:38:11.841 | INFO | Player X sets token in pos: x: 0, y: 1
2022-09-05 20:38:11.841 | INFO | Board:
X | X | O
O | · | X
· | · | ·
2022-09-05 20:38:11.841 | INFO | Waiting input from player: O
2022-09-05 20:38:11.855 | INFO | Player O sets token in pos: x: 1, y: 1
2022-09-05 20:38:11.856 | INFO | Board:
X | X | O
O | O | X
· | · | ·
2022-09-05 20:38:11.856 | INFO | Waiting input from player: X
2022-09-05 20:38:11.871 | INFO | Player X sets token in pos: x: 2, y: 0
2022-09-05 20:38:11.872 | INFO | Board:
X | X | O
O | O | X
X | · | ·
2022-09-05 20:38:11.872 | INFO | Waiting input from player: O
2022-09-05 20:38:11.887 | INFO | Player O sets token in pos: x: 2, y: 1
2022-09-05 20:38:11.888 | INFO | Board:
X | X | O
O | O | X
X | O | ·
2022-09-05 20:38:11.889 | INFO | Waiting input from player: X
2022-09-05 20:38:11.903 | INFO | Player X sets token in pos: x: 2, y: 2
2022-09-05 20:38:11.905 | INFO | It's a draw
2022-09-05 20:38:11.905 | INFO | Board:
X | X | O
O | O | X
X | O | X
2022-09-05 20:38:11.905 | INFO | Current game stats:
Time                  -->	2022-09-05 20:38:11.905728
Full screen           -->	     False
------                -->	    ------
Tournaments to play   -->	        10
Games for tournament  -->	         2
Turn max time in secs -->	        15
-------               -->	    ------
Current Tournament    -->	         1
Current Game          -->	         1
--------              -->	------------
Player 1 Game stats for current tournament-->	          
	* Token              -->	         X
	* Computer Controlled-->	      True
----                  -->	    ------
	* Total Draws        -->	         1
	* Total Games Played -->	         1
	* Victories          -->	         0
	* Defeats            -->	         0
	* Draws              -->	         1
	* Tournament Victories-->	         0
---------             -->	------------
Player 2 Game stats for current tournament-->	          
	+ Token              -->	         O
	+ Computer Controlled-->	      True
---                   -->	    ------
	+ Total Draws        -->	         1
	+ Total Games Played -->	         1
	+ Victories          -->	         0
	+ Defeats            -->	         0
	+ Draws              -->	         1
	+ Tournament Victories-->	         0
----------            -->	------------
Tournament Winner     -->	          
-----------           -->	    ------
Tournaments Winners   -->	          
--------------------------------------------------------------
2022-09-05 20:38:11.928 | INFO | Create board for game: 2 of tournament: 1
· | · | ·
· | · | ·
· | · | ·
2022-09-05 20:38:11.929 | INFO | Create actor of type: ActorType.CELL
2022-09-05 20:38:11.929 | INFO | Create actor of type: ActorType.CELL
2022-09-05 20:38:11.929 | INFO | Create actor of type: ActorType.CELL
2022-09-05 20:38:11.929 | INFO | Create actor of type: ActorType.CELL
2022-09-05 20:38:11.929 | INFO | Create actor of type: ActorType.CELL
2022-09-05 20:38:11.929 | INFO | Create actor of type: ActorType.CELL
2022-09-05 20:38:11.929 | INFO | Create actor of type: ActorType.CELL
2022-09-05 20:38:11.929 | INFO | Create actor of type: ActorType.CELL
2022-09-05 20:38:11.929 | INFO | Create actor of type: ActorType.CELL
2022-09-05 20:38:11.929 | INFO | Waiting input from player: X
2022-09-05 20:38:11.929 | INFO | Create actor of type: ActorType.CLOCK_TIMER_A
2022-09-05 20:38:11.929 | INFO | Player X sets token in pos: x: 2, y: 1
2022-09-05 20:38:11.930 | INFO | Board:
· | · | ·
· | · | ·
· | X | ·
2022-09-05 20:38:11.930 | INFO | Waiting input from player: O
2022-09-05 20:38:12.296 | INFO | Player O sets token in pos: x: 0, y: 1
2022-09-05 20:38:12.296 | INFO | Board:
· | O | ·
· | · | ·
· | X | ·
2022-09-05 20:38:12.296 | INFO | Waiting input from player: X
2022-09-05 20:38:12.349 | INFO | Player X sets token in pos: x: 0, y: 0
2022-09-05 20:38:12.350 | INFO | Board:
X | O | ·
· | · | ·
· | X | ·
2022-09-05 20:38:12.350 | INFO | Waiting input from player: O
2022-09-05 20:38:12.359 | INFO | Player O sets token in pos: x: 2, y: 0
2022-09-05 20:38:12.360 | INFO | Board:
X | O | ·
· | · | ·
O | X | ·
2022-09-05 20:38:12.360 | INFO | Waiting input from player: X
2022-09-05 20:38:12.370 | INFO | Player X sets token in pos: x: 0, y: 2
2022-09-05 20:38:12.371 | INFO | Board:
X | O | X
· | · | ·
O | X | ·
2022-09-05 20:38:12.371 | INFO | Waiting input from player: O
2022-09-05 20:38:12.385 | INFO | Player O sets token in pos: x: 1, y: 1
2022-09-05 20:38:12.386 | INFO | Board:
X | O | X
· | O | ·
O | X | ·
2022-09-05 20:38:12.386 | INFO | Waiting input from player: X
2022-09-05 20:38:12.400 | INFO | Player X sets token in pos: x: 1, y: 0
2022-09-05 20:38:12.401 | INFO | Board:
X | O | X
X | O | ·
O | X | ·
2022-09-05 20:38:12.401 | INFO | Waiting input from player: O
2022-09-05 20:38:12.417 | INFO | Player O sets token in pos: x: 1, y: 2
2022-09-05 20:38:12.419 | INFO | Board:
X | O | X
X | O | O
O | X | ·
2022-09-05 20:38:12.419 | INFO | Waiting input from player: X
2022-09-05 20:38:12.434 | INFO | Player X sets token in pos: x: 2, y: 2
2022-09-05 20:38:12.436 | INFO | It's a draw
2022-09-05 20:38:12.436 | INFO | Board:
X | O | X
X | O | O
O | X | X
2022-09-05 20:38:12.436 | INFO | Current game stats:
Time                  -->	2022-09-05 20:38:12.436033
Full screen           -->	     False
------                -->	    ------
Tournaments to play   -->	        10
Games for tournament  -->	         2
Turn max time in secs -->	        15
-------               -->	    ------
Current Tournament    -->	         1
Current Game          -->	         2
--------              -->	------------
Player 1 Game stats for current tournament-->	          
	* Token              -->	         X
	* Computer Controlled-->	      True
----                  -->	    ------
	* Total Draws        -->	         2
	* Total Games Played -->	         2
	* Victories          -->	         0
	* Defeats            -->	         0
	* Draws              -->	         2
	* Tournament Victories-->	         0
---------             -->	------------
Player 2 Game stats for current tournament-->	          
	+ Token              -->	         O
	+ Computer Controlled-->	      True
---                   -->	    ------
	+ Total Draws        -->	         2
	+ Total Games Played -->	         2
	+ Victories          -->	         0
	+ Defeats            -->	         0
	+ Draws              -->	         2
	+ Tournament Victories-->	         0
----------            -->	------------
Tournament Winner     -->	         -
-----------           -->	    ------
Tournaments Winners   -->	         -
--------------------------------------------------------------
2022-09-05 20:38:12.456 | INFO | Create board for game: 1 of tournament: 2
· | · | ·
· | · | ·
· | · | ·
2022-09-05 20:38:12.456 | INFO | Create actor of type: ActorType.CELL
2022-09-05 20:38:12.456 | INFO | Create actor of type: ActorType.CELL
2022-09-05 20:38:12.456 | INFO | Create actor of type: ActorType.CELL
2022-09-05 20:38:12.456 | INFO | Create actor of type: ActorType.CELL
2022-09-05 20:38:12.456 | INFO | Create actor of type: ActorType.CELL
2022-09-05 20:38:12.456 | INFO | Create actor of type: ActorType.CELL
2022-09-05 20:38:12.457 | INFO | Create actor of type: ActorType.CELL
2022-09-05 20:38:12.457 | INFO | Create actor of type: ActorType.CELL
2022-09-05 20:38:12.457 | INFO | Create actor of type: ActorType.CELL
2022-09-05 20:38:12.457 | INFO | Waiting input from player: X
2022-09-05 20:38:12.457 | INFO | Create actor of type: ActorType.CLOCK_TIMER_A
2022-09-05 20:38:12.457 | INFO | Player X sets token in pos: x: 2, y: 0
2022-09-05 20:38:12.457 | INFO | Board:
· | · | ·
· | · | ·
X | · | ·
2022-09-05 20:38:12.457 | INFO | Waiting input from player: O
2022-09-05 20:38:12.793 | INFO | Player O sets token in pos: x: 1, y: 1
2022-09-05 20:38:12.794 | INFO | Board:
· | · | ·
· | O | ·
X | · | ·
2022-09-05 20:38:12.794 | INFO | Waiting input from player: X
2022-09-05 20:38:12.835 | INFO | Player X sets token in pos: x: 0, y: 0
2022-09-05 20:38:12.835 | INFO | Board:
X | · | ·
· | O | ·
X | · | ·
2022-09-05 20:38:12.835 | INFO | Waiting input from player: O
2022-09-05 20:38:12.841 | INFO | Player O sets token in pos: x: 1, y: 0
2022-09-05 20:38:12.842 | INFO | Board:
X | · | ·
O | O | ·
X | · | ·
2022-09-05 20:38:12.842 | INFO | Waiting input from player: X
2022-09-05 20:38:12.854 | INFO | Player X sets token in pos: x: 1, y: 2
2022-09-05 20:38:12.855 | INFO | Board:
X | · | ·
O | O | X
X | · | ·
2022-09-05 20:38:12.855 | INFO | Waiting input from player: O
2022-09-05 20:38:12.870 | INFO | Player O sets token in pos: x: 0, y: 1
2022-09-05 20:38:12.871 | INFO | Board:
X | O | ·
O | O | X
X | · | ·
2022-09-05 20:38:12.871 | INFO | Waiting input from player: X
2022-09-05 20:38:12.887 | INFO | Player X sets token in pos: x: 2, y: 1
2022-09-05 20:38:12.888 | INFO | Board:
X | O | ·
O | O | X
X | X | ·
2022-09-05 20:38:12.888 | INFO | Waiting input from player: O
2022-09-05 20:38:12.906 | INFO | Player O sets token in pos: x: 2, y: 2
2022-09-05 20:38:12.907 | INFO | Board:
X | O | ·
O | O | X
X | X | O
2022-09-05 20:38:12.907 | INFO | Waiting input from player: X
2022-09-05 20:38:12.922 | INFO | Player X sets token in pos: x: 0, y: 2
2022-09-05 20:38:12.923 | INFO | It's a draw
2022-09-05 20:38:12.924 | INFO | Board:
X | O | X
O | O | X
X | X | O
2022-09-05 20:38:12.924 | INFO | Current game stats:
Time                  -->	2022-09-05 20:38:12.924291
Full screen           -->	     False
------                -->	    ------
Tournaments to play   -->	        10
Games for tournament  -->	         2
Turn max time in secs -->	        15
-------               -->	    ------
Current Tournament    -->	         2
Current Game          -->	         1
--------              -->	------------
Player 1 Game stats for current tournament-->	          
	* Token              -->	         X
	* Computer Controlled-->	      True
----                  -->	    ------
	* Total Draws        -->	         3
	* Total Games Played -->	         3
	* Victories          -->	         0
	* Defeats            -->	         0
	* Draws              -->	         1
	* Tournament Victories-->	         0
---------             -->	------------
Player 2 Game stats for current tournament-->	          
	+ Token              -->	         O
	+ Computer Controlled-->	      True
---                   -->	    ------
	+ Total Draws        -->	         3
	+ Total Games Played -->	         3
	+ Victories          -->	         0
	+ Defeats            -->	         0
	+ Draws              -->	         1
	+ Tournament Victories-->	         0
----------            -->	------------
Tournament Winner     -->	          
-----------           -->	    ------
Tournaments Winners   -->	         -
--------------------------------------------------------------
2022-09-05 20:38:12.946 | INFO | Create board for game: 2 of tournament: 2
· | · | ·
· | · | ·
· | · | ·
2022-09-05 20:38:12.946 | INFO | Create actor of type: ActorType.CELL
2022-09-05 20:38:12.946 | INFO | Create actor of type: ActorType.CELL
2022-09-05 20:38:12.946 | INFO | Create actor of type: ActorType.CELL
2022-09-05 20:38:12.946 | INFO | Create actor of type: ActorType.CELL
2022-09-05 20:38:12.946 | INFO | Create actor of type: ActorType.CELL
2022-09-05 20:38:12.946 | INFO | Create actor of type: ActorType.CELL
2022-09-05 20:38:12.946 | INFO | Create actor of type: ActorType.CELL
2022-09-05 20:38:12.946 | INFO | Create actor of type: ActorType.CELL
2022-09-05 20:38:12.946 | INFO | Create actor of type: ActorType.CELL
2022-09-05 20:38:12.946 | INFO | Waiting input from player: X
2022-09-05 20:38:12.946 | INFO | Create actor of type: ActorType.CLOCK_TIMER_A
2022-09-05 20:38:12.946 | INFO | Player X sets token in pos: x: 2, y: 1
2022-09-05 20:38:12.947 | INFO | Board:
· | · | ·
· | · | ·
· | X | ·
2022-09-05 20:38:12.947 | INFO | Waiting input from player: O
2022-09-05 20:38:13.311 | INFO | Player O sets token in pos: x: 0, y: 1
2022-09-05 20:38:13.312 | INFO | Board:
· | O | ·
· | · | ·
· | X | ·
2022-09-05 20:38:13.312 | INFO | Waiting input from player: X
2022-09-05 20:38:13.364 | INFO | Player X sets token in pos: x: 0, y: 0
2022-09-05 20:38:13.365 | INFO | Board:
X | O | ·
· | · | ·
· | X | ·
2022-09-05 20:38:13.365 | INFO | Waiting input from player: O
2022-09-05 20:38:13.374 | INFO | Player O sets token in pos: x: 2, y: 0
2022-09-05 20:38:13.375 | INFO | Board:
X | O | ·
· | · | ·
O | X | ·
2022-09-05 20:38:13.375 | INFO | Waiting input from player: X
2022-09-05 20:38:13.384 | INFO | Player X sets token in pos: x: 0, y: 2
2022-09-05 20:38:13.384 | INFO | Board:
X | O | X
· | · | ·
O | X | ·
2022-09-05 20:38:13.384 | INFO | Waiting input from player: O
2022-09-05 20:38:13.399 | INFO | Player O sets token in pos: x: 1, y: 1
2022-09-05 20:38:13.400 | INFO | Board:
X | O | X
· | O | ·
O | X | ·
2022-09-05 20:38:13.400 | INFO | Waiting input from player: X
2022-09-05 20:38:13.415 | INFO | Player X sets token in pos: x: 1, y: 0
2022-09-05 20:38:13.416 | INFO | Board:
X | O | X
X | O | ·
O | X | ·
2022-09-05 20:38:13.416 | INFO | Waiting input from player: O
2022-09-05 20:38:13.432 | INFO | Player O sets token in pos: x: 1, y: 2
2022-09-05 20:38:13.434 | INFO | Board:
X | O | X
X | O | O
O | X | ·
2022-09-05 20:38:13.434 | INFO | Waiting input from player: X
2022-09-05 20:38:13.451 | INFO | Player X sets token in pos: x: 2, y: 2
2022-09-05 20:38:13.452 | INFO | It's a draw
2022-09-05 20:38:13.452 | INFO | Board:
X | O | X
X | O | O
O | X | X
2022-09-05 20:38:13.452 | INFO | Current game stats:
Time                  -->	2022-09-05 20:38:13.452810
Full screen           -->	     False
------                -->	    ------
Tournaments to play   -->	        10
Games for tournament  -->	         2
Turn max time in secs -->	        15
-------               -->	    ------
Current Tournament    -->	         2
Current Game          -->	         2
--------              -->	------------
Player 1 Game stats for current tournament-->	          
	* Token              -->	         X
	* Computer Controlled-->	      True
----                  -->	    ------
	* Total Draws        -->	         4
	* Total Games Played -->	         4
	* Victories          -->	         0
	* Defeats            -->	         0
	* Draws              -->	         2
	* Tournament Victories-->	         0
---------             -->	------------
Player 2 Game stats for current tournament-->	          
	+ Token              -->	         O
	+ Computer Controlled-->	      True
---                   -->	    ------
	+ Total Draws        -->	         4
	+ Total Games Played -->	         4
	+ Victories          -->	         0
	+ Defeats            -->	         0
	+ Draws              -->	         2
	+ Tournament Victories-->	         0
----------            -->	------------
Tournament Winner     -->	         -
-----------           -->	    ------
Tournaments Winners   -->	        --
--------------------------------------------------------------
2022-09-05 20:38:13.470 | INFO | Create board for game: 1 of tournament: 3
· | · | ·
· | · | ·
· | · | ·
2022-09-05 20:38:13.470 | INFO | Create actor of type: ActorType.CELL
2022-09-05 20:38:13.470 | INFO | Create actor of type: ActorType.CELL
2022-09-05 20:38:13.470 | INFO | Create actor of type: ActorType.CELL
2022-09-05 20:38:13.470 | INFO | Create actor of type: ActorType.CELL
2022-09-05 20:38:13.470 | INFO | Create actor of type: ActorType.CELL
2022-09-05 20:38:13.470 | INFO | Create actor of type: ActorType.CELL
2022-09-05 20:38:13.470 | INFO | Create actor of type: ActorType.CELL
2022-09-05 20:38:13.470 | INFO | Create actor of type: ActorType.CELL
2022-09-05 20:38:13.470 | INFO | Create actor of type: ActorType.CELL
2022-09-05 20:38:13.470 | INFO | Waiting input from player: X
2022-09-05 20:38:13.470 | INFO | Create actor of type: ActorType.CLOCK_TIMER_A
2022-09-05 20:38:13.470 | INFO | Player X sets token in pos: x: 0, y: 0
2022-09-05 20:38:13.472 | INFO | Board:
X | · | ·
· | · | ·
· | · | ·
2022-09-05 20:38:13.472 | INFO | Waiting input from player: O
2022-09-05 20:38:13.807 | INFO | Player O sets token in pos: x: 1, y: 1
2022-09-05 20:38:13.808 | INFO | Board:
X | · | ·
· | O | ·
· | · | ·
2022-09-05 20:38:13.808 | INFO | Waiting input from player: X
2022-09-05 20:38:13.848 | INFO | Player X sets token in pos: x: 0, y: 1
2022-09-05 20:38:13.849 | INFO | Board:
X | X | ·
· | O | ·
· | · | ·
2022-09-05 20:38:13.849 | INFO | Waiting input from player: O
2022-09-05 20:38:13.855 | INFO | Player O sets token in pos: x: 0, y: 2
2022-09-05 20:38:13.855 | INFO | Board:
X | X | O
· | O | ·
· | · | ·
2022-09-05 20:38:13.855 | INFO | Waiting input from player: X
2022-09-05 20:38:13.867 | INFO | Player X sets token in pos: x: 2, y: 0
2022-09-05 20:38:13.868 | INFO | Board:
X | X | O
· | O | ·
X | · | ·
2022-09-05 20:38:13.868 | INFO | Waiting input from player: O
2022-09-05 20:38:13.883 | INFO | Player O sets token in pos: x: 1, y: 0
2022-09-05 20:38:13.884 | INFO | Board:
X | X | O
O | O | ·
X | · | ·
2022-09-05 20:38:13.884 | INFO | Waiting input from player: X
2022-09-05 20:38:13.899 | INFO | Player X sets token in pos: x: 1, y: 2
2022-09-05 20:38:13.900 | INFO | Board:
X | X | O
O | O | X
X | · | ·
2022-09-05 20:38:13.900 | INFO | Waiting input from player: O
2022-09-05 20:38:13.916 | INFO | Player O sets token in pos: x: 2, y: 1
2022-09-05 20:38:13.917 | INFO | Board:
X | X | O
O | O | X
X | O | ·
2022-09-05 20:38:13.917 | INFO | Waiting input from player: X
2022-09-05 20:38:13.932 | INFO | Player X sets token in pos: x: 2, y: 2
2022-09-05 20:38:13.933 | INFO | It's a draw
2022-09-05 20:38:13.933 | INFO | Board:
X | X | O
O | O | X
X | O | X
2022-09-05 20:38:13.934 | INFO | Current game stats:
Time                  -->	2022-09-05 20:38:13.933822
Full screen           -->	     False
------                -->	    ------
Tournaments to play   -->	        10
Games for tournament  -->	         2
Turn max time in secs -->	        15
-------               -->	    ------
Current Tournament    -->	         3
Current Game          -->	         1
--------              -->	------------
Player 1 Game stats for current tournament-->	          
	* Token              -->	         X
	* Computer Controlled-->	      True
----                  -->	    ------
	* Total Draws        -->	         5
	* Total Games Played -->	         5
	* Victories          -->	         0
	* Defeats            -->	         0
	* Draws              -->	         1
	* Tournament Victories-->	         0
---------             -->	------------
Player 2 Game stats for current tournament-->	          
	+ Token              -->	         O
	+ Computer Controlled-->	      True
---                   -->	    ------
	+ Total Draws        -->	         5
	+ Total Games Played -->	         5
	+ Victories          -->	         0
	+ Defeats            -->	         0
	+ Draws              -->	         1
	+ Tournament Victories-->	         0
----------            -->	------------
Tournament Winner     -->	          
-----------           -->	    ------
Tournaments Winners   -->	        --
--------------------------------------------------------------
2022-09-05 20:38:13.957 | INFO | Create board for game: 2 of tournament: 3
· | · | ·
· | · | ·
· | · | ·
2022-09-05 20:38:13.957 | INFO | Create actor of type: ActorType.CELL
2022-09-05 20:38:13.957 | INFO | Create actor of type: ActorType.CELL
2022-09-05 20:38:13.957 | INFO | Create actor of type: ActorType.CELL
2022-09-05 20:38:13.958 | INFO | Create actor of type: ActorType.CELL
2022-09-05 20:38:13.958 | INFO | Create actor of type: ActorType.CELL
2022-09-05 20:38:13.958 | INFO | Create actor of type: ActorType.CELL
2022-09-05 20:38:13.958 | INFO | Create actor of type: ActorType.CELL
2022-09-05 20:38:13.958 | INFO | Create actor of type: ActorType.CELL
2022-09-05 20:38:13.958 | INFO | Create actor of type: ActorType.CELL
2022-09-05 20:38:13.958 | INFO | Waiting input from player: X
2022-09-05 20:38:13.958 | INFO | Create actor of type: ActorType.CLOCK_TIMER_A
2022-09-05 20:38:13.958 | INFO | Player X sets token in pos: x: 0, y: 0
2022-09-05 20:38:13.958 | INFO | Board:
X | · | ·
· | · | ·
· | · | ·
2022-09-05 20:38:13.959 | INFO | Waiting input from player: O
2022-09-05 20:38:14.306 | INFO | Player O sets token in pos: x: 1, y: 1
2022-09-05 20:38:14.307 | INFO | Board:
X | · | ·
· | O | ·
· | · | ·
2022-09-05 20:38:14.307 | INFO | Waiting input from player: X
2022-09-05 20:38:14.347 | INFO | Player X sets token in pos: x: 0, y: 1
2022-09-05 20:38:14.348 | INFO | Board:
X | X | ·
· | O | ·
· | · | ·
2022-09-05 20:38:14.348 | INFO | Waiting input from player: O
2022-09-05 20:38:14.355 | INFO | Player O sets token in pos: x: 0, y: 2
2022-09-05 20:38:14.355 | INFO | Board:
X | X | O
· | O | ·
· | · | ·
2022-09-05 20:38:14.355 | INFO | Waiting input from player: X
2022-09-05 20:38:14.369 | INFO | Player X sets token in pos: x: 2, y: 0
2022-09-05 20:38:14.369 | INFO | Board:
X | X | O
· | O | ·
X | · | ·
2022-09-05 20:38:14.369 | INFO | Waiting input from player: O
2022-09-05 20:38:14.384 | INFO | Player O sets token in pos: x: 1, y: 0
2022-09-05 20:38:14.385 | INFO | Board:
X | X | O
O | O | ·
X | · | ·
2022-09-05 20:38:14.385 | INFO | Waiting input from player: X
2022-09-05 20:38:14.400 | INFO | Player X sets token in pos: x: 1, y: 2
2022-09-05 20:38:14.401 | INFO | Board:
X | X | O
O | O | X
X | · | ·
2022-09-05 20:38:14.401 | INFO | Waiting input from player: O
2022-09-05 20:38:14.416 | INFO | Player O sets token in pos: x: 2, y: 1
2022-09-05 20:38:14.417 | INFO | Board:
X | X | O
O | O | X
X | O | ·
2022-09-05 20:38:14.418 | INFO | Waiting input from player: X
2022-09-05 20:38:14.432 | INFO | Player X sets token in pos: x: 2, y: 2
2022-09-05 20:38:14.434 | INFO | It's a draw
2022-09-05 20:38:14.434 | INFO | Board:
X | X | O
O | O | X
X | O | X
2022-09-05 20:38:14.434 | INFO | Current game stats:
Time                  -->	2022-09-05 20:38:14.434604
Full screen           -->	     False
------                -->	    ------
Tournaments to play   -->	        10
Games for tournament  -->	         2
Turn max time in secs -->	        15
-------               -->	    ------
Current Tournament    -->	         3
Current Game          -->	         2
--------              -->	------------
Player 1 Game stats for current tournament-->	          
	* Token              -->	         X
	* Computer Controlled-->	      True
----                  -->	    ------
	* Total Draws        -->	         6
	* Total Games Played -->	         6
	* Victories          -->	         0
	* Defeats            -->	         0
	* Draws              -->	         2
	* Tournament Victories-->	         0
---------             -->	------------
Player 2 Game stats for current tournament-->	          
	+ Token              -->	         O
	+ Computer Controlled-->	      True
---                   -->	    ------
	+ Total Draws        -->	         6
	+ Total Games Played -->	         6
	+ Victories          -->	         0
	+ Defeats            -->	         0
	+ Draws              -->	         2
	+ Tournament Victories-->	         0
----------            -->	------------
Tournament Winner     -->	         -
-----------           -->	    ------
Tournaments Winners   -->	       ---
--------------------------------------------------------------
2022-09-05 20:38:14.455 | INFO | Create board for game: 1 of tournament: 4
· | · | ·
· | · | ·
· | · | ·
2022-09-05 20:38:14.455 | INFO | Create actor of type: ActorType.CELL
2022-09-05 20:38:14.455 | INFO | Create actor of type: ActorType.CELL
2022-09-05 20:38:14.455 | INFO | Create actor of type: ActorType.CELL
2022-09-05 20:38:14.455 | INFO | Create actor of type: ActorType.CELL
2022-09-05 20:38:14.455 | INFO | Create actor of type: ActorType.CELL
2022-09-05 20:38:14.455 | INFO | Create actor of type: ActorType.CELL
2022-09-05 20:38:14.455 | INFO | Create actor of type: ActorType.CELL
2022-09-05 20:38:14.455 | INFO | Create actor of type: ActorType.CELL
2022-09-05 20:38:14.455 | INFO | Create actor of type: ActorType.CELL
2022-09-05 20:38:14.455 | INFO | Waiting input from player: X
2022-09-05 20:38:14.456 | INFO | Create actor of type: ActorType.CLOCK_TIMER_A
2022-09-05 20:38:14.456 | INFO | Player X sets token in pos: x: 0, y: 2
2022-09-05 20:38:14.457 | INFO | Board:
· | · | X
· | · | ·
· | · | ·
2022-09-05 20:38:14.457 | INFO | Waiting input from player: O
2022-09-05 20:38:14.794 | INFO | Player O sets token in pos: x: 1, y: 1
2022-09-05 20:38:14.795 | INFO | Board:
· | · | X
· | O | ·
· | · | ·
2022-09-05 20:38:14.795 | INFO | Waiting input from player: X
2022-09-05 20:38:14.835 | INFO | Player X sets token in pos: x: 0, y: 0
2022-09-05 20:38:14.835 | INFO | Board:
X | · | X
· | O | ·
· | · | ·
2022-09-05 20:38:14.835 | INFO | Waiting input from player: O
2022-09-05 20:38:14.841 | INFO | Player O sets token in pos: x: 0, y: 1
2022-09-05 20:38:14.842 | INFO | Board:
X | O | X
· | O | ·
· | · | ·
2022-09-05 20:38:14.842 | INFO | Waiting input from player: X
2022-09-05 20:38:14.853 | INFO | Player X sets token in pos: x: 2, y: 1
2022-09-05 20:38:14.854 | INFO | Board:
X | O | X
· | O | ·
· | X | ·
2022-09-05 20:38:14.854 | INFO | Waiting input from player: O
2022-09-05 20:38:14.869 | INFO | Player O sets token in pos: x: 1, y: 0
2022-09-05 20:38:14.869 | INFO | Board:
X | O | X
O | O | ·
· | X | ·
2022-09-05 20:38:14.870 | INFO | Waiting input from player: X
2022-09-05 20:38:14.884 | INFO | Player X sets token in pos: x: 1, y: 2
2022-09-05 20:38:14.885 | INFO | Board:
X | O | X
O | O | X
· | X | ·
2022-09-05 20:38:14.885 | INFO | Waiting input from player: O
2022-09-05 20:38:14.900 | INFO | Player O sets token in pos: x: 2, y: 2
2022-09-05 20:38:14.902 | INFO | Board:
X | O | X
O | O | X
· | X | O
2022-09-05 20:38:14.902 | INFO | Waiting input from player: X
2022-09-05 20:38:14.917 | INFO | Player X sets token in pos: x: 2, y: 0
2022-09-05 20:38:14.918 | INFO | It's a draw
2022-09-05 20:38:14.918 | INFO | Board:
X | O | X
O | O | X
X | X | O
2022-09-05 20:38:14.919 | INFO | Current game stats:
Time                  -->	2022-09-05 20:38:14.919869
Full screen           -->	     False
------                -->	    ------
Tournaments to play   -->	        10
Games for tournament  -->	         2
Turn max time in secs -->	        15
-------               -->	    ------
Current Tournament    -->	         4
Current Game          -->	         1
--------              -->	------------
Player 1 Game stats for current tournament-->	          
	* Token              -->	         X
	* Computer Controlled-->	      True
----                  -->	    ------
	* Total Draws        -->	         7
	* Total Games Played -->	         7
	* Victories          -->	         0
	* Defeats            -->	         0
	* Draws              -->	         1
	* Tournament Victories-->	         0
---------             -->	------------
Player 2 Game stats for current tournament-->	          
	+ Token              -->	         O
	+ Computer Controlled-->	      True
---                   -->	    ------
	+ Total Draws        -->	         7
	+ Total Games Played -->	         7
	+ Victories          -->	         0
	+ Defeats            -->	         0
	+ Draws              -->	         1
	+ Tournament Victories-->	         0
----------            -->	------------
Tournament Winner     -->	          
-----------           -->	    ------
Tournaments Winners   -->	       ---
--------------------------------------------------------------
2022-09-05 20:38:14.941 | INFO | Create board for game: 2 of tournament: 4
· | · | ·
· | · | ·
· | · | ·
2022-09-05 20:38:14.941 | INFO | Create actor of type: ActorType.CELL
2022-09-05 20:38:14.941 | INFO | Create actor of type: ActorType.CELL
2022-09-05 20:38:14.941 | INFO | Create actor of type: ActorType.CELL
2022-09-05 20:38:14.941 | INFO | Create actor of type: ActorType.CELL
2022-09-05 20:38:14.941 | INFO | Create actor of type: ActorType.CELL
2022-09-05 20:38:14.941 | INFO | Create actor of type: ActorType.CELL
2022-09-05 20:38:14.941 | INFO | Create actor of type: ActorType.CELL
2022-09-05 20:38:14.941 | INFO | Create actor of type: ActorType.CELL
2022-09-05 20:38:14.941 | INFO | Create actor of type: ActorType.CELL
2022-09-05 20:38:14.941 | INFO | Waiting input from player: X
2022-09-05 20:38:14.941 | INFO | Create actor of type: ActorType.CLOCK_TIMER_A
2022-09-05 20:38:14.942 | INFO | Player X sets token in pos: x: 0, y: 0
2022-09-05 20:38:14.942 | INFO | Board:
X | · | ·
· | · | ·
· | · | ·
2022-09-05 20:38:14.942 | INFO | Waiting input from player: O
2022-09-05 20:38:15.282 | INFO | Player O sets token in pos: x: 1, y: 1
2022-09-05 20:38:15.283 | INFO | Board:
X | · | ·
· | O | ·
· | · | ·
2022-09-05 20:38:15.283 | INFO | Waiting input from player: X
2022-09-05 20:38:15.323 | INFO | Player X sets token in pos: x: 0, y: 1
2022-09-05 20:38:15.324 | INFO | Board:
X | X | ·
· | O | ·
· | · | ·
2022-09-05 20:38:15.324 | INFO | Waiting input from player: O
2022-09-05 20:38:15.330 | INFO | Player O sets token in pos: x: 0, y: 2
2022-09-05 20:38:15.330 | INFO | Board:
X | X | O
· | O | ·
· | · | ·
2022-09-05 20:38:15.330 | INFO | Waiting input from player: X
2022-09-05 20:38:15.343 | INFO | Player X sets token in pos: x: 2, y: 0
2022-09-05 20:38:15.344 | INFO | Board:
X | X | O
· | O | ·
X | · | ·
2022-09-05 20:38:15.344 | INFO | Waiting input from player: O
2022-09-05 20:38:15.361 | INFO | Player O sets token in pos: x: 1, y: 0
2022-09-05 20:38:15.362 | INFO | Board:
X | X | O
O | O | ·
X | · | ·
2022-09-05 20:38:15.362 | INFO | Waiting input from player: X
2022-09-05 20:38:15.376 | INFO | Player X sets token in pos: x: 1, y: 2
2022-09-05 20:38:15.377 | INFO | Board:
X | X | O
O | O | X
X | · | ·
2022-09-05 20:38:15.377 | INFO | Waiting input from player: O
2022-09-05 20:38:15.393 | INFO | Player O sets token in pos: x: 2, y: 1
2022-09-05 20:38:15.394 | INFO | Board:
X | X | O
O | O | X
X | O | ·
2022-09-05 20:38:15.394 | INFO | Waiting input from player: X
2022-09-05 20:38:15.410 | INFO | Player X sets token in pos: x: 2, y: 2
2022-09-05 20:38:15.411 | INFO | It's a draw
2022-09-05 20:38:15.411 | INFO | Board:
X | X | O
O | O | X
X | O | X
2022-09-05 20:38:15.412 | INFO | Current game stats:
Time                  -->	2022-09-05 20:38:15.411428
Full screen           -->	     False
------                -->	    ------
Tournaments to play   -->	        10
Games for tournament  -->	         2
Turn max time in secs -->	        15
-------               -->	    ------
Current Tournament    -->	         4
Current Game          -->	         2
--------              -->	------------
Player 1 Game stats for current tournament-->	          
	* Token              -->	         X
	* Computer Controlled-->	      True
----                  -->	    ------
	* Total Draws        -->	         8
	* Total Games Played -->	         8
	* Victories          -->	         0
	* Defeats            -->	         0
	* Draws              -->	         2
	* Tournament Victories-->	         0
---------             -->	------------
Player 2 Game stats for current tournament-->	          
	+ Token              -->	         O
	+ Computer Controlled-->	      True
---                   -->	    ------
	+ Total Draws        -->	         8
	+ Total Games Played -->	         8
	+ Victories          -->	         0
	+ Defeats            -->	         0
	+ Draws              -->	         2
	+ Tournament Victories-->	         0
----------            -->	------------
Tournament Winner     -->	         -
-----------           -->	    ------
Tournaments Winners   -->	      ----
--------------------------------------------------------------
2022-09-05 20:38:15.433 | INFO | Create board for game: 1 of tournament: 5
· | · | ·
· | · | ·
· | · | ·
2022-09-05 20:38:15.433 | INFO | Create actor of type: ActorType.CELL
2022-09-05 20:38:15.433 | INFO | Create actor of type: ActorType.CELL
2022-09-05 20:38:15.433 | INFO | Create actor of type: ActorType.CELL
2022-09-05 20:38:15.433 | INFO | Create actor of type: ActorType.CELL
2022-09-05 20:38:15.433 | INFO | Create actor of type: ActorType.CELL
2022-09-05 20:38:15.433 | INFO | Create actor of type: ActorType.CELL
2022-09-05 20:38:15.433 | INFO | Create actor of type: ActorType.CELL
2022-09-05 20:38:15.433 | INFO | Create actor of type: ActorType.CELL
2022-09-05 20:38:15.433 | INFO | Create actor of type: ActorType.CELL
2022-09-05 20:38:15.433 | INFO | Waiting input from player: X
2022-09-05 20:38:15.433 | INFO | Create actor of type: ActorType.CLOCK_TIMER_A
2022-09-05 20:38:15.434 | INFO | Player X sets token in pos: x: 1, y: 0
2022-09-05 20:38:15.434 | INFO | Board:
· | · | ·
X | · | ·
· | · | ·
2022-09-05 20:38:15.434 | INFO | Waiting input from player: O
2022-09-05 20:38:15.790 | INFO | Player O sets token in pos: x: 0, y: 0
2022-09-05 20:38:15.791 | INFO | Board:
O | · | ·
X | · | ·
· | · | ·
2022-09-05 20:38:15.791 | INFO | Waiting input from player: X
2022-09-05 20:38:15.839 | INFO | Player X sets token in pos: x: 0, y: 1
2022-09-05 20:38:15.840 | INFO | Board:
O | X | ·
X | · | ·
· | · | ·
2022-09-05 20:38:15.840 | INFO | Waiting input from player: O
2022-09-05 20:38:15.849 | INFO | Player O sets token in pos: x: 1, y: 1
2022-09-05 20:38:15.850 | INFO | Board:
O | X | ·
X | O | ·
· | · | ·
2022-09-05 20:38:15.850 | INFO | Waiting input from player: X
2022-09-05 20:38:15.858 | INFO | Player X sets token in pos: x: 2, y: 2
2022-09-05 20:38:15.859 | INFO | Board:
O | X | ·
X | O | ·
· | · | X
2022-09-05 20:38:15.859 | INFO | Waiting input from player: O
2022-09-05 20:38:15.873 | INFO | Player O sets token in pos: x: 0, y: 2
2022-09-05 20:38:15.874 | INFO | Board:
O | X | O
X | O | ·
· | · | X
2022-09-05 20:38:15.874 | INFO | Waiting input from player: X
2022-09-05 20:38:15.889 | INFO | Player X sets token in pos: x: 2, y: 0
2022-09-05 20:38:15.890 | INFO | Board:
O | X | O
X | O | ·
X | · | X
2022-09-05 20:38:15.890 | INFO | Waiting input from player: O
2022-09-05 20:38:15.905 | INFO | Player O sets token in pos: x: 2, y: 1
2022-09-05 20:38:15.906 | INFO | Board:
O | X | O
X | O | ·
X | O | X
2022-09-05 20:38:15.906 | INFO | Waiting input from player: X
2022-09-05 20:38:15.921 | INFO | Player X sets token in pos: x: 1, y: 2
2022-09-05 20:38:15.922 | INFO | It's a draw
2022-09-05 20:38:15.922 | INFO | Board:
O | X | O
X | O | X
X | O | X
2022-09-05 20:38:15.922 | INFO | Current game stats:
Time                  -->	2022-09-05 20:38:15.922670
Full screen           -->	     False
------                -->	    ------
Tournaments to play   -->	        10
Games for tournament  -->	         2
Turn max time in secs -->	        15
-------               -->	    ------
Current Tournament    -->	         5
Current Game          -->	         1
--------              -->	------------
Player 1 Game stats for current tournament-->	          
	* Token              -->	         X
	* Computer Controlled-->	      True
----                  -->	    ------
	* Total Draws        -->	         9
	* Total Games Played -->	         9
	* Victories          -->	         0
	* Defeats            -->	         0
	* Draws              -->	         1
	* Tournament Victories-->	         0
---------             -->	------------
Player 2 Game stats for current tournament-->	          
	+ Token              -->	         O
	+ Computer Controlled-->	      True
---                   -->	    ------
	+ Total Draws        -->	         9
	+ Total Games Played -->	         9
	+ Victories          -->	         0
	+ Defeats            -->	         0
	+ Draws              -->	         1
	+ Tournament Victories-->	         0
----------            -->	------------
Tournament Winner     -->	          
-----------           -->	    ------
Tournaments Winners   -->	      ----
--------------------------------------------------------------
2022-09-05 20:38:15.944 | INFO | Create board for game: 2 of tournament: 5
· | · | ·
· | · | ·
· | · | ·
2022-09-05 20:38:15.944 | INFO | Create actor of type: ActorType.CELL
2022-09-05 20:38:15.944 | INFO | Create actor of type: ActorType.CELL
2022-09-05 20:38:15.944 | INFO | Create actor of type: ActorType.CELL
2022-09-05 20:38:15.944 | INFO | Create actor of type: ActorType.CELL
2022-09-05 20:38:15.944 | INFO | Create actor of type: ActorType.CELL
2022-09-05 20:38:15.945 | INFO | Create actor of type: ActorType.CELL
2022-09-05 20:38:15.945 | INFO | Create actor of type: ActorType.CELL
2022-09-05 20:38:15.945 | INFO | Create actor of type: ActorType.CELL
2022-09-05 20:38:15.945 | INFO | Create actor of type: ActorType.CELL
2022-09-05 20:38:15.945 | INFO | Waiting input from player: X
2022-09-05 20:38:15.945 | INFO | Create actor of type: ActorType.CLOCK_TIMER_A
2022-09-05 20:38:15.945 | INFO | Player X sets token in pos: x: 2, y: 1
2022-09-05 20:38:15.945 | INFO | Board:
· | · | ·
· | · | ·
· | X | ·
2022-09-05 20:38:15.945 | INFO | Waiting input from player: O
2022-09-05 20:38:16.301 | INFO | Player O sets token in pos: x: 0, y: 1
2022-09-05 20:38:16.302 | INFO | Board:
· | O | ·
· | · | ·
· | X | ·
2022-09-05 20:38:16.302 | INFO | Waiting input from player: X
2022-09-05 20:38:16.354 | INFO | Player X sets token in pos: x: 0, y: 0
2022-09-05 20:38:16.355 | INFO | Board:
X | O | ·
· | · | ·
· | X | ·
2022-09-05 20:38:16.355 | INFO | Waiting input from player: O
2022-09-05 20:38:16.364 | INFO | Player O sets token in pos: x: 2, y: 0
2022-09-05 20:38:16.365 | INFO | Board:
X | O | ·
· | · | ·
O | X | ·
2022-09-05 20:38:16.365 | INFO | Waiting input from player: X
2022-09-05 20:38:16.374 | INFO | Player X sets token in pos: x: 0, y: 2
2022-09-05 20:38:16.375 | INFO | Board:
X | O | X
· | · | ·
O | X | ·
2022-09-05 20:38:16.375 | INFO | Waiting input from player: O
2022-09-05 20:38:16.389 | INFO | Player O sets token in pos: x: 1, y: 1
2022-09-05 20:38:16.389 | INFO | Board:
X | O | X
· | O | ·
O | X | ·
2022-09-05 20:38:16.389 | INFO | Waiting input from player: X
2022-09-05 20:38:16.404 | INFO | Player X sets token in pos: x: 1, y: 0
2022-09-05 20:38:16.405 | INFO | Board:
X | O | X
X | O | ·
O | X | ·
2022-09-05 20:38:16.405 | INFO | Waiting input from player: O
2022-09-05 20:38:16.421 | INFO | Player O sets token in pos: x: 1, y: 2
2022-09-05 20:38:16.424 | INFO | Board:
X | O | X
X | O | O
O | X | ·
2022-09-05 20:38:16.424 | INFO | Waiting input from player: X
2022-09-05 20:38:16.440 | INFO | Player X sets token in pos: x: 2, y: 2
2022-09-05 20:38:16.442 | INFO | It's a draw
2022-09-05 20:38:16.442 | INFO | Board:
X | O | X
X | O | O
O | X | X
2022-09-05 20:38:16.443 | INFO | Current game stats:
Time                  -->	2022-09-05 20:38:16.442796
Full screen           -->	     False
------                -->	    ------
Tournaments to play   -->	        10
Games for tournament  -->	         2
Turn max time in secs -->	        15
-------               -->	    ------
Current Tournament    -->	         5
Current Game          -->	         2
--------              -->	------------
Player 1 Game stats for current tournament-->	          
	* Token              -->	         X
	* Computer Controlled-->	      True
----                  -->	    ------
	* Total Draws        -->	        10
	* Total Games Played -->	        10
	* Victories          -->	         0
	* Defeats            -->	         0
	* Draws              -->	         2
	* Tournament Victories-->	         0
---------             -->	------------
Player 2 Game stats for current tournament-->	          
	+ Token              -->	         O
	+ Computer Controlled-->	      True
---                   -->	    ------
	+ Total Draws        -->	        10
	+ Total Games Played -->	        10
	+ Victories          -->	         0
	+ Defeats            -->	         0
	+ Draws              -->	         2
	+ Tournament Victories-->	         0
----------            -->	------------
Tournament Winner     -->	         -
-----------           -->	    ------
Tournaments Winners   -->	     -----
--------------------------------------------------------------
2022-09-05 20:38:16.463 | INFO | Create board for game: 1 of tournament: 6
· | · | ·
· | · | ·
· | · | ·
2022-09-05 20:38:16.463 | INFO | Create actor of type: ActorType.CELL
2022-09-05 20:38:16.463 | INFO | Create actor of type: ActorType.CELL
2022-09-05 20:38:16.463 | INFO | Create actor of type: ActorType.CELL
2022-09-05 20:38:16.463 | INFO | Create actor of type: ActorType.CELL
2022-09-05 20:38:16.463 | INFO | Create actor of type: ActorType.CELL
2022-09-05 20:38:16.463 | INFO | Create actor of type: ActorType.CELL
2022-09-05 20:38:16.463 | INFO | Create actor of type: ActorType.CELL
2022-09-05 20:38:16.464 | INFO | Create actor of type: ActorType.CELL
2022-09-05 20:38:16.464 | INFO | Create actor of type: ActorType.CELL
2022-09-05 20:38:16.464 | INFO | Waiting input from player: X
2022-09-05 20:38:16.464 | INFO | Create actor of type: ActorType.CLOCK_TIMER_A
2022-09-05 20:38:16.464 | INFO | Player X sets token in pos: x: 1, y: 1
2022-09-05 20:38:16.464 | INFO | Board:
· | · | ·
· | X | ·
· | · | ·
2022-09-05 20:38:16.464 | INFO | Waiting input from player: O
2022-09-05 20:38:16.779 | INFO | Player O sets token in pos: x: 0, y: 0
2022-09-05 20:38:16.780 | INFO | Board:
O | · | ·
· | X | ·
· | · | ·
2022-09-05 20:38:16.780 | INFO | Waiting input from player: X
2022-09-05 20:38:16.818 | INFO | Player X sets token in pos: x: 0, y: 1
2022-09-05 20:38:16.818 | INFO | Board:
O | X | ·
· | X | ·
· | · | ·
2022-09-05 20:38:16.819 | INFO | Waiting input from player: O
2022-09-05 20:38:16.825 | INFO | Player O sets token in pos: x: 2, y: 1
2022-09-05 20:38:16.826 | INFO | Board:
O | X | ·
· | X | ·
· | O | ·
2022-09-05 20:38:16.826 | INFO | Waiting input from player: X
2022-09-05 20:38:16.836 | INFO | Player X sets token in pos: x: 1, y: 0
2022-09-05 20:38:16.837 | INFO | Board:
O | X | ·
X | X | ·
· | O | ·
2022-09-05 20:38:16.837 | INFO | Waiting input from player: O
2022-09-05 20:38:16.853 | INFO | Player O sets token in pos: x: 1, y: 2
2022-09-05 20:38:16.853 | INFO | Board:
O | X | ·
X | X | O
· | O | ·
2022-09-05 20:38:16.853 | INFO | Waiting input from player: X
2022-09-05 20:38:16.871 | INFO | Player X sets token in pos: x: 0, y: 2
2022-09-05 20:38:16.873 | INFO | Board:
O | X | X
X | X | O
· | O | ·
2022-09-05 20:38:16.873 | INFO | Waiting input from player: O
2022-09-05 20:38:16.886 | INFO | Player O sets token in pos: x: 2, y: 0
2022-09-05 20:38:16.888 | INFO | Board:
O | X | X
X | X | O
O | O | ·
2022-09-05 20:38:16.888 | INFO | Waiting input from player: X
2022-09-05 20:38:16.900 | INFO | Player X sets token in pos: x: 2, y: 2
2022-09-05 20:38:16.902 | INFO | It's a draw
2022-09-05 20:38:16.902 | INFO | Board:
O | X | X
X | X | O
O | O | X
2022-09-05 20:38:16.902 | INFO | Current game stats:
Time                  -->	2022-09-05 20:38:16.902806
Full screen           -->	     False
------                -->	    ------
Tournaments to play   -->	        10
Games for tournament  -->	         2
Turn max time in secs -->	        15
-------               -->	    ------
Current Tournament    -->	         6
Current Game          -->	         1
--------              -->	------------
Player 1 Game stats for current tournament-->	          
	* Token              -->	         X
	* Computer Controlled-->	      True
----                  -->	    ------
	* Total Draws        -->	        11
	* Total Games Played -->	        11
	* Victories          -->	         0
	* Defeats            -->	         0
	* Draws              -->	         1
	* Tournament Victories-->	         0
---------             -->	------------
Player 2 Game stats for current tournament-->	          
	+ Token              -->	         O
	+ Computer Controlled-->	      True
---                   -->	    ------
	+ Total Draws        -->	        11
	+ Total Games Played -->	        11
	+ Victories          -->	         0
	+ Defeats            -->	         0
	+ Draws              -->	         1
	+ Tournament Victories-->	         0
----------            -->	------------
Tournament Winner     -->	          
-----------           -->	    ------
Tournaments Winners   -->	     -----
--------------------------------------------------------------
2022-09-05 20:38:16.922 | INFO | Create board for game: 2 of tournament: 6
· | · | ·
· | · | ·
· | · | ·
2022-09-05 20:38:16.922 | INFO | Create actor of type: ActorType.CELL
2022-09-05 20:38:16.922 | INFO | Create actor of type: ActorType.CELL
2022-09-05 20:38:16.922 | INFO | Create actor of type: ActorType.CELL
2022-09-05 20:38:16.922 | INFO | Create actor of type: ActorType.CELL
2022-09-05 20:38:16.922 | INFO | Create actor of type: ActorType.CELL
2022-09-05 20:38:16.922 | INFO | Create actor of type: ActorType.CELL
2022-09-05 20:38:16.922 | INFO | Create actor of type: ActorType.CELL
2022-09-05 20:38:16.922 | INFO | Create actor of type: ActorType.CELL
2022-09-05 20:38:16.922 | INFO | Create actor of type: ActorType.CELL
2022-09-05 20:38:16.922 | INFO | Waiting input from player: X
2022-09-05 20:38:16.922 | INFO | Create actor of type: ActorType.CLOCK_TIMER_A
2022-09-05 20:38:16.922 | INFO | Player X sets token in pos: x: 0, y: 1
2022-09-05 20:38:16.923 | INFO | Board:
· | X | ·
· | · | ·
· | · | ·
2022-09-05 20:38:16.923 | INFO | Waiting input from player: O
2022-09-05 20:38:17.278 | INFO | Player O sets token in pos: x: 0, y: 0
2022-09-05 20:38:17.279 | INFO | Board:
O | X | ·
· | · | ·
· | · | ·
2022-09-05 20:38:17.279 | INFO | Waiting input from player: X
2022-09-05 20:38:17.328 | INFO | Player X sets token in pos: x: 1, y: 0
2022-09-05 20:38:17.328 | INFO | Board:
O | X | ·
X | · | ·
· | · | ·
2022-09-05 20:38:17.328 | INFO | Waiting input from player: O
2022-09-05 20:38:17.337 | INFO | Player O sets token in pos: x: 1, y: 1
2022-09-05 20:38:17.338 | INFO | Board:
O | X | ·
X | O | ·
· | · | ·
2022-09-05 20:38:17.338 | INFO | Waiting input from player: X
2022-09-05 20:38:17.347 | INFO | Player X sets token in pos: x: 2, y: 2
2022-09-05 20:38:17.348 | INFO | Board:
O | X | ·
X | O | ·
· | · | X
2022-09-05 20:38:17.348 | INFO | Waiting input from player: O
2022-09-05 20:38:17.363 | INFO | Player O sets token in pos: x: 0, y: 2
2022-09-05 20:38:17.364 | INFO | Board:
O | X | O
X | O | ·
· | · | X
2022-09-05 20:38:17.364 | INFO | Waiting input from player: X
2022-09-05 20:38:17.380 | INFO | Player X sets token in pos: x: 2, y: 0
2022-09-05 20:38:17.381 | INFO | Board:
O | X | O
X | O | ·
X | · | X
2022-09-05 20:38:17.381 | INFO | Waiting input from player: O
2022-09-05 20:38:17.396 | INFO | Player O sets token in pos: x: 2, y: 1
2022-09-05 20:38:17.397 | INFO | Board:
O | X | O
X | O | ·
X | O | X
2022-09-05 20:38:17.397 | INFO | Waiting input from player: X
2022-09-05 20:38:17.412 | INFO | Player X sets token in pos: x: 1, y: 2
2022-09-05 20:38:17.414 | INFO | It's a draw
2022-09-05 20:38:17.414 | INFO | Board:
O | X | O
X | O | X
X | O | X
2022-09-05 20:38:17.414 | INFO | Current game stats:
Time                  -->	2022-09-05 20:38:17.414777
Full screen           -->	     False
------                -->	    ------
Tournaments to play   -->	        10
Games for tournament  -->	         2
Turn max time in secs -->	        15
-------               -->	    ------
Current Tournament    -->	         6
Current Game          -->	         2
--------              -->	------------
Player 1 Game stats for current tournament-->	          
	* Token              -->	         X
	* Computer Controlled-->	      True
----                  -->	    ------
	* Total Draws        -->	        12
	* Total Games Played -->	        12
	* Victories          -->	         0
	* Defeats            -->	         0
	* Draws              -->	         2
	* Tournament Victories-->	         0
---------             -->	------------
Player 2 Game stats for current tournament-->	          
	+ Token              -->	         O
	+ Computer Controlled-->	      True
---                   -->	    ------
	+ Total Draws        -->	        12
	+ Total Games Played -->	        12
	+ Victories          -->	         0
	+ Defeats            -->	         0
	+ Draws              -->	         2
	+ Tournament Victories-->	         0
----------            -->	------------
Tournament Winner     -->	         -
-----------           -->	    ------
Tournaments Winners   -->	    ------
--------------------------------------------------------------
2022-09-05 20:38:17.436 | INFO | Create board for game: 1 of tournament: 7
· | · | ·
· | · | ·
· | · | ·
2022-09-05 20:38:17.436 | INFO | Create actor of type: ActorType.CELL
2022-09-05 20:38:17.436 | INFO | Create actor of type: ActorType.CELL
2022-09-05 20:38:17.436 | INFO | Create actor of type: ActorType.CELL
2022-09-05 20:38:17.436 | INFO | Create actor of type: ActorType.CELL
2022-09-05 20:38:17.436 | INFO | Create actor of type: ActorType.CELL
2022-09-05 20:38:17.436 | INFO | Create actor of type: ActorType.CELL
2022-09-05 20:38:17.436 | INFO | Create actor of type: ActorType.CELL
2022-09-05 20:38:17.436 | INFO | Create actor of type: ActorType.CELL
2022-09-05 20:38:17.436 | INFO | Create actor of type: ActorType.CELL
2022-09-05 20:38:17.436 | INFO | Waiting input from player: X
2022-09-05 20:38:17.436 | INFO | Create actor of type: ActorType.CLOCK_TIMER_A
2022-09-05 20:38:17.436 | INFO | Player X sets token in pos: x: 1, y: 2
2022-09-05 20:38:17.437 | INFO | Board:
· | · | ·
· | · | X
· | · | ·
2022-09-05 20:38:17.437 | INFO | Waiting input from player: O
2022-09-05 20:38:17.795 | INFO | Player O sets token in pos: x: 0, y: 2
2022-09-05 20:38:17.796 | INFO | Board:
· | · | O
· | · | X
· | · | ·
2022-09-05 20:38:17.796 | INFO | Waiting input from player: X
2022-09-05 20:38:17.844 | INFO | Player X sets token in pos: x: 0, y: 0
2022-09-05 20:38:17.845 | INFO | Board:
X | · | O
· | · | X
· | · | ·
2022-09-05 20:38:17.845 | INFO | Waiting input from player: O
2022-09-05 20:38:17.853 | INFO | Player O sets token in pos: x: 1, y: 0
2022-09-05 20:38:17.854 | INFO | Board:
X | · | O
O | · | X
· | · | ·
2022-09-05 20:38:17.854 | INFO | Waiting input from player: X
2022-09-05 20:38:17.864 | INFO | Player X sets token in pos: x: 0, y: 1
2022-09-05 20:38:17.864 | INFO | Board:
X | X | O
O | · | X
· | · | ·
2022-09-05 20:38:17.864 | INFO | Waiting input from player: O
2022-09-05 20:38:17.879 | INFO | Player O sets token in pos: x: 1, y: 1
2022-09-05 20:38:17.880 | INFO | Board:
X | X | O
O | O | X
· | · | ·
2022-09-05 20:38:17.880 | INFO | Waiting input from player: X
2022-09-05 20:38:17.896 | INFO | Player X sets token in pos: x: 2, y: 0
2022-09-05 20:38:17.897 | INFO | Board:
X | X | O
O | O | X
X | · | ·
2022-09-05 20:38:17.897 | INFO | Waiting input from player: O
2022-09-05 20:38:17.913 | INFO | Player O sets token in pos: x: 2, y: 1
2022-09-05 20:38:17.915 | INFO | Board:
X | X | O
O | O | X
X | O | ·
2022-09-05 20:38:17.915 | INFO | Waiting input from player: X
2022-09-05 20:38:17.929 | INFO | Player X sets token in pos: x: 2, y: 2
2022-09-05 20:38:17.931 | INFO | It's a draw
2022-09-05 20:38:17.931 | INFO | Board:
X | X | O
O | O | X
X | O | X
2022-09-05 20:38:17.931 | INFO | Current game stats:
Time                  -->	2022-09-05 20:38:17.931891
Full screen           -->	     False
------                -->	    ------
Tournaments to play   -->	        10
Games for tournament  -->	         2
Turn max time in secs -->	        15
-------               -->	    ------
Current Tournament    -->	         7
Current Game          -->	         1
--------              -->	------------
Player 1 Game stats for current tournament-->	          
	* Token              -->	         X
	* Computer Controlled-->	      True
----                  -->	    ------
	* Total Draws        -->	        13
	* Total Games Played -->	        13
	* Victories          -->	         0
	* Defeats            -->	         0
	* Draws              -->	         1
	* Tournament Victories-->	         0
---------             -->	------------
Player 2 Game stats for current tournament-->	          
	+ Token              -->	         O
	+ Computer Controlled-->	      True
---                   -->	    ------
	+ Total Draws        -->	        13
	+ Total Games Played -->	        13
	+ Victories          -->	         0
	+ Defeats            -->	         0
	+ Draws              -->	         1
	+ Tournament Victories-->	         0
----------            -->	------------
Tournament Winner     -->	          
-----------           -->	    ------
Tournaments Winners   -->	    ------
--------------------------------------------------------------
2022-09-05 20:38:17.954 | INFO | Create board for game: 2 of tournament: 7
· | · | ·
· | · | ·
· | · | ·
2022-09-05 20:38:17.954 | INFO | Create actor of type: ActorType.CELL
2022-09-05 20:38:17.954 | INFO | Create actor of type: ActorType.CELL
2022-09-05 20:38:17.954 | INFO | Create actor of type: ActorType.CELL
2022-09-05 20:38:17.954 | INFO | Create actor of type: ActorType.CELL
2022-09-05 20:38:17.954 | INFO | Create actor of type: ActorType.CELL
2022-09-05 20:38:17.954 | INFO | Create actor of type: ActorType.CELL
2022-09-05 20:38:17.954 | INFO | Create actor of type: ActorType.CELL
2022-09-05 20:38:17.954 | INFO | Create actor of type: ActorType.CELL
2022-09-05 20:38:17.954 | INFO | Create actor of type: ActorType.CELL
2022-09-05 20:38:17.954 | INFO | Waiting input from player: X
2022-09-05 20:38:17.954 | INFO | Create actor of type: ActorType.CLOCK_TIMER_A
2022-09-05 20:38:17.954 | INFO | Player X sets token in pos: x: 0, y: 0
2022-09-05 20:38:17.955 | INFO | Board:
X | · | ·
· | · | ·
· | · | ·
2022-09-05 20:38:17.955 | INFO | Waiting input from player: O
2022-09-05 20:38:18.290 | INFO | Player O sets token in pos: x: 1, y: 1
2022-09-05 20:38:18.291 | INFO | Board:
X | · | ·
· | O | ·
· | · | ·
2022-09-05 20:38:18.291 | INFO | Waiting input from player: X
2022-09-05 20:38:18.331 | INFO | Player X sets token in pos: x: 0, y: 1
2022-09-05 20:38:18.331 | INFO | Board:
X | X | ·
· | O | ·
· | · | ·
2022-09-05 20:38:18.331 | INFO | Waiting input from player: O
2022-09-05 20:38:18.337 | INFO | Player O sets token in pos: x: 0, y: 2
2022-09-05 20:38:18.338 | INFO | Board:
X | X | O
· | O | ·
· | · | ·
2022-09-05 20:38:18.338 | INFO | Waiting input from player: X
2022-09-05 20:38:18.351 | INFO | Player X sets token in pos: x: 2, y: 0
2022-09-05 20:38:18.352 | INFO | Board:
X | X | O
· | O | ·
X | · | ·
2022-09-05 20:38:18.352 | INFO | Waiting input from player: O
2022-09-05 20:38:18.366 | INFO | Player O sets token in pos: x: 1, y: 0
2022-09-05 20:38:18.367 | INFO | Board:
X | X | O
O | O | ·
X | · | ·
2022-09-05 20:38:18.367 | INFO | Waiting input from player: X
2022-09-05 20:38:18.384 | INFO | Player X sets token in pos: x: 1, y: 2
2022-09-05 20:38:18.385 | INFO | Board:
X | X | O
O | O | X
X | · | ·
2022-09-05 20:38:18.385 | INFO | Waiting input from player: O
2022-09-05 20:38:18.400 | INFO | Player O sets token in pos: x: 2, y: 1
2022-09-05 20:38:18.401 | INFO | Board:
X | X | O
O | O | X
X | O | ·
2022-09-05 20:38:18.402 | INFO | Waiting input from player: X
2022-09-05 20:38:18.416 | INFO | Player X sets token in pos: x: 2, y: 2
2022-09-05 20:38:18.418 | INFO | It's a draw
2022-09-05 20:38:18.418 | INFO | Board:
X | X | O
O | O | X
X | O | X
2022-09-05 20:38:18.418 | INFO | Current game stats:
Time                  -->	2022-09-05 20:38:18.418598
Full screen           -->	     False
------                -->	    ------
Tournaments to play   -->	        10
Games for tournament  -->	         2
Turn max time in secs -->	        15
-------               -->	    ------
Current Tournament    -->	         7
Current Game          -->	         2
--------              -->	------------
Player 1 Game stats for current tournament-->	          
	* Token              -->	         X
	* Computer Controlled-->	      True
----                  -->	    ------
	* Total Draws        -->	        14
	* Total Games Played -->	        14
	* Victories          -->	         0
	* Defeats            -->	         0
	* Draws              -->	         2
	* Tournament Victories-->	         0
---------             -->	------------
Player 2 Game stats for current tournament-->	          
	+ Token              -->	         O
	+ Computer Controlled-->	      True
---                   -->	    ------
	+ Total Draws        -->	        14
	+ Total Games Played -->	        14
	+ Victories          -->	         0
	+ Defeats            -->	         0
	+ Draws              -->	         2
	+ Tournament Victories-->	         0
----------            -->	------------
Tournament Winner     -->	         -
-----------           -->	    ------
Tournaments Winners   -->	   -------
--------------------------------------------------------------
2022-09-05 20:38:18.441 | INFO | Create board for game: 1 of tournament: 8
· | · | ·
· | · | ·
· | · | ·
2022-09-05 20:38:18.441 | INFO | Create actor of type: ActorType.CELL
2022-09-05 20:38:18.441 | INFO | Create actor of type: ActorType.CELL
2022-09-05 20:38:18.441 | INFO | Create actor of type: ActorType.CELL
2022-09-05 20:38:18.441 | INFO | Create actor of type: ActorType.CELL
2022-09-05 20:38:18.441 | INFO | Create actor of type: ActorType.CELL
2022-09-05 20:38:18.441 | INFO | Create actor of type: ActorType.CELL
2022-09-05 20:38:18.441 | INFO | Create actor of type: ActorType.CELL
2022-09-05 20:38:18.441 | INFO | Create actor of type: ActorType.CELL
2022-09-05 20:38:18.441 | INFO | Create actor of type: ActorType.CELL
2022-09-05 20:38:18.441 | INFO | Waiting input from player: X
2022-09-05 20:38:18.442 | INFO | Create actor of type: ActorType.CLOCK_TIMER_A
2022-09-05 20:38:18.442 | INFO | Player X sets token in pos: x: 0, y: 0
2022-09-05 20:38:18.442 | INFO | Board:
X | · | ·
· | · | ·
· | · | ·
2022-09-05 20:38:18.442 | INFO | Waiting input from player: O
2022-09-05 20:38:18.784 | INFO | Player O sets token in pos: x: 1, y: 1
2022-09-05 20:38:18.785 | INFO | Board:
X | · | ·
· | O | ·
· | · | ·
2022-09-05 20:38:18.785 | INFO | Waiting input from player: X
2022-09-05 20:38:18.825 | INFO | Player X sets token in pos: x: 0, y: 1
2022-09-05 20:38:18.825 | INFO | Board:
X | X | ·
· | O | ·
· | · | ·
2022-09-05 20:38:18.825 | INFO | Waiting input from player: O
2022-09-05 20:38:18.831 | INFO | Player O sets token in pos: x: 0, y: 2
2022-09-05 20:38:18.831 | INFO | Board:
X | X | O
· | O | ·
· | · | ·
2022-09-05 20:38:18.831 | INFO | Waiting input from player: X
2022-09-05 20:38:18.843 | INFO | Player X sets token in pos: x: 2, y: 0
2022-09-05 20:38:18.844 | INFO | Board:
X | X | O
· | O | ·
X | · | ·
2022-09-05 20:38:18.844 | INFO | Waiting input from player: O
2022-09-05 20:38:18.860 | INFO | Player O sets token in pos: x: 1, y: 0
2022-09-05 20:38:18.861 | INFO | Board:
X | X | O
O | O | ·
X | · | ·
2022-09-05 20:38:18.861 | INFO | Waiting input from player: X
2022-09-05 20:38:18.876 | INFO | Player X sets token in pos: x: 1, y: 2
2022-09-05 20:38:18.877 | INFO | Board:
X | X | O
O | O | X
X | · | ·
2022-09-05 20:38:18.877 | INFO | Waiting input from player: O
2022-09-05 20:38:18.894 | INFO | Player O sets token in pos: x: 2, y: 1
2022-09-05 20:38:18.897 | INFO | Board:
X | X | O
O | O | X
X | O | ·
2022-09-05 20:38:18.898 | INFO | Waiting input from player: X
2022-09-05 20:38:18.910 | INFO | Player X sets token in pos: x: 2, y: 2
2022-09-05 20:38:18.912 | INFO | It's a draw
2022-09-05 20:38:18.912 | INFO | Board:
X | X | O
O | O | X
X | O | X
2022-09-05 20:38:18.913 | INFO | Current game stats:
Time                  -->	2022-09-05 20:38:18.912726
Full screen           -->	     False
------                -->	    ------
Tournaments to play   -->	        10
Games for tournament  -->	         2
Turn max time in secs -->	        15
-------               -->	    ------
Current Tournament    -->	         8
Current Game          -->	         1
--------              -->	------------
Player 1 Game stats for current tournament-->	          
	* Token              -->	         X
	* Computer Controlled-->	      True
----                  -->	    ------
	* Total Draws        -->	        15
	* Total Games Played -->	        15
	* Victories          -->	         0
	* Defeats            -->	         0
	* Draws              -->	         1
	* Tournament Victories-->	         0
---------             -->	------------
Player 2 Game stats for current tournament-->	          
	+ Token              -->	         O
	+ Computer Controlled-->	      True
---                   -->	    ------
	+ Total Draws        -->	        15
	+ Total Games Played -->	        15
	+ Victories          -->	         0
	+ Defeats            -->	         0
	+ Draws              -->	         1
	+ Tournament Victories-->	         0
----------            -->	------------
Tournament Winner     -->	          
-----------           -->	    ------
Tournaments Winners   -->	   -------
--------------------------------------------------------------
2022-09-05 20:38:18.935 | INFO | Create board for game: 2 of tournament: 8
· | · | ·
· | · | ·
· | · | ·
2022-09-05 20:38:18.935 | INFO | Create actor of type: ActorType.CELL
2022-09-05 20:38:18.935 | INFO | Create actor of type: ActorType.CELL
2022-09-05 20:38:18.935 | INFO | Create actor of type: ActorType.CELL
2022-09-05 20:38:18.935 | INFO | Create actor of type: ActorType.CELL
2022-09-05 20:38:18.935 | INFO | Create actor of type: ActorType.CELL
2022-09-05 20:38:18.935 | INFO | Create actor of type: ActorType.CELL
2022-09-05 20:38:18.935 | INFO | Create actor of type: ActorType.CELL
2022-09-05 20:38:18.935 | INFO | Create actor of type: ActorType.CELL
2022-09-05 20:38:18.936 | INFO | Create actor of type: ActorType.CELL
2022-09-05 20:38:18.936 | INFO | Waiting input from player: X
2022-09-05 20:38:18.936 | INFO | Create actor of type: ActorType.CLOCK_TIMER_A
2022-09-05 20:38:18.936 | INFO | Player X sets token in pos: x: 0, y: 1
2022-09-05 20:38:18.936 | INFO | Board:
· | X | ·
· | · | ·
· | · | ·
2022-09-05 20:38:18.936 | INFO | Waiting input from player: O
2022-09-05 20:38:19.296 | INFO | Player O sets token in pos: x: 0, y: 0
2022-09-05 20:38:19.297 | INFO | Board:
O | X | ·
· | · | ·
· | · | ·
2022-09-05 20:38:19.297 | INFO | Waiting input from player: X
2022-09-05 20:38:19.345 | INFO | Player X sets token in pos: x: 1, y: 0
2022-09-05 20:38:19.346 | INFO | Board:
O | X | ·
X | · | ·
· | · | ·
2022-09-05 20:38:19.346 | INFO | Waiting input from player: O
2022-09-05 20:38:19.355 | INFO | Player O sets token in pos: x: 1, y: 1
2022-09-05 20:38:19.356 | INFO | Board:
O | X | ·
X | O | ·
· | · | ·
2022-09-05 20:38:19.356 | INFO | Waiting input from player: X
2022-09-05 20:38:19.366 | INFO | Player X sets token in pos: x: 2, y: 2
2022-09-05 20:38:19.367 | INFO | Board:
O | X | ·
X | O | ·
· | · | X
2022-09-05 20:38:19.367 | INFO | Waiting input from player: O
2022-09-05 20:38:19.381 | INFO | Player O sets token in pos: x: 0, y: 2
2022-09-05 20:38:19.382 | INFO | Board:
O | X | O
X | O | ·
· | · | X
2022-09-05 20:38:19.382 | INFO | Waiting input from player: X
2022-09-05 20:38:19.396 | INFO | Player X sets token in pos: x: 2, y: 0
2022-09-05 20:38:19.397 | INFO | Board:
O | X | O
X | O | ·
X | · | X
2022-09-05 20:38:19.397 | INFO | Waiting input from player: O
2022-09-05 20:38:19.412 | INFO | Player O sets token in pos: x: 2, y: 1
2022-09-05 20:38:19.414 | INFO | Board:
O | X | O
X | O | ·
X | O | X
2022-09-05 20:38:19.414 | INFO | Waiting input from player: X
2022-09-05 20:38:19.430 | INFO | Player X sets token in pos: x: 1, y: 2
2022-09-05 20:38:19.432 | INFO | It's a draw
2022-09-05 20:38:19.432 | INFO | Board:
O | X | O
X | O | X
X | O | X
2022-09-05 20:38:19.432 | INFO | Current game stats:
Time                  -->	2022-09-05 20:38:19.432957
Full screen           -->	     False
------                -->	    ------
Tournaments to play   -->	        10
Games for tournament  -->	         2
Turn max time in secs -->	        15
-------               -->	    ------
Current Tournament    -->	         8
Current Game          -->	         2
--------              -->	------------
Player 1 Game stats for current tournament-->	          
	* Token              -->	         X
	* Computer Controlled-->	      True
----                  -->	    ------
	* Total Draws        -->	        16
	* Total Games Played -->	        16
	* Victories          -->	         0
	* Defeats            -->	         0
	* Draws              -->	         2
	* Tournament Victories-->	         0
---------             -->	------------
Player 2 Game stats for current tournament-->	          
	+ Token              -->	         O
	+ Computer Controlled-->	      True
---                   -->	    ------
	+ Total Draws        -->	        16
	+ Total Games Played -->	        16
	+ Victories          -->	         0
	+ Defeats            -->	         0
	+ Draws              -->	         2
	+ Tournament Victories-->	         0
----------            -->	------------
Tournament Winner     -->	         -
-----------           -->	    ------
Tournaments Winners   -->	  --------
--------------------------------------------------------------
2022-09-05 20:38:19.453 | INFO | Create board for game: 1 of tournament: 9
· | · | ·
· | · | ·
· | · | ·
2022-09-05 20:38:19.453 | INFO | Create actor of type: ActorType.CELL
2022-09-05 20:38:19.453 | INFO | Create actor of type: ActorType.CELL
2022-09-05 20:38:19.453 | INFO | Create actor of type: ActorType.CELL
2022-09-05 20:38:19.453 | INFO | Create actor of type: ActorType.CELL
2022-09-05 20:38:19.453 | INFO | Create actor of type: ActorType.CELL
2022-09-05 20:38:19.453 | INFO | Create actor of type: ActorType.CELL
2022-09-05 20:38:19.453 | INFO | Create actor of type: ActorType.CELL
2022-09-05 20:38:19.453 | INFO | Create actor of type: ActorType.CELL
2022-09-05 20:38:19.453 | INFO | Create actor of type: ActorType.CELL
2022-09-05 20:38:19.453 | INFO | Waiting input from player: X
2022-09-05 20:38:19.453 | INFO | Create actor of type: ActorType.CLOCK_TIMER_A
2022-09-05 20:38:19.454 | INFO | Player X sets token in pos: x: 2, y: 2
2022-09-05 20:38:19.454 | INFO | Board:
· | · | ·
· | · | ·
· | · | X
2022-09-05 20:38:19.454 | INFO | Waiting input from player: O
2022-09-05 20:38:19.792 | INFO | Player O sets token in pos: x: 1, y: 1
2022-09-05 20:38:19.793 | INFO | Board:
· | · | ·
· | O | ·
· | · | X
2022-09-05 20:38:19.793 | INFO | Waiting input from player: X
2022-09-05 20:38:19.833 | INFO | Player X sets token in pos: x: 0, y: 0
2022-09-05 20:38:19.834 | INFO | Board:
X | · | ·
· | O | ·
· | · | X
2022-09-05 20:38:19.834 | INFO | Waiting input from player: O
2022-09-05 20:38:19.840 | INFO | Player O sets token in pos: x: 0, y: 1
2022-09-05 20:38:19.841 | INFO | Board:
X | O | ·
· | O | ·
· | · | X
2022-09-05 20:38:19.841 | INFO | Waiting input from player: X
2022-09-05 20:38:19.852 | INFO | Player X sets token in pos: x: 2, y: 1
2022-09-05 20:38:19.853 | INFO | Board:
X | O | ·
· | O | ·
· | X | X
2022-09-05 20:38:19.853 | INFO | Waiting input from player: O
2022-09-05 20:38:19.867 | INFO | Player O sets token in pos: x: 2, y: 0
2022-09-05 20:38:19.868 | INFO | Board:
X | O | ·
· | O | ·
O | X | X
2022-09-05 20:38:19.868 | INFO | Waiting input from player: X
2022-09-05 20:38:19.883 | INFO | Player X sets token in pos: x: 0, y: 2
2022-09-05 20:38:19.884 | INFO | Board:
X | O | X
· | O | ·
O | X | X
2022-09-05 20:38:19.884 | INFO | Waiting input from player: O
2022-09-05 20:38:19.899 | INFO | Player O sets token in pos: x: 1, y: 2
2022-09-05 20:38:19.900 | INFO | Board:
X | O | X
· | O | O
O | X | X
2022-09-05 20:38:19.900 | INFO | Waiting input from player: X
2022-09-05 20:38:19.915 | INFO | Player X sets token in pos: x: 1, y: 0
2022-09-05 20:38:19.917 | INFO | It's a draw
2022-09-05 20:38:19.917 | INFO | Board:
X | O | X
X | O | O
O | X | X
2022-09-05 20:38:19.918 | INFO | Current game stats:
Time                  -->	2022-09-05 20:38:19.917635
Full screen           -->	     False
------                -->	    ------
Tournaments to play   -->	        10
Games for tournament  -->	         2
Turn max time in secs -->	        15
-------               -->	    ------
Current Tournament    -->	         9
Current Game          -->	         1
--------              -->	------------
Player 1 Game stats for current tournament-->	          
	* Token              -->	         X
	* Computer Controlled-->	      True
----                  -->	    ------
	* Total Draws        -->	        17
	* Total Games Played -->	        17
	* Victories          -->	         0
	* Defeats            -->	         0
	* Draws              -->	         1
	* Tournament Victories-->	         0
---------             -->	------------
Player 2 Game stats for current tournament-->	          
	+ Token              -->	         O
	+ Computer Controlled-->	      True
---                   -->	    ------
	+ Total Draws        -->	        17
	+ Total Games Played -->	        17
	+ Victories          -->	         0
	+ Defeats            -->	         0
	+ Draws              -->	         1
	+ Tournament Victories-->	         0
----------            -->	------------
Tournament Winner     -->	          
-----------           -->	    ------
Tournaments Winners   -->	  --------
--------------------------------------------------------------
2022-09-05 20:38:19.939 | INFO | Create board for game: 2 of tournament: 9
· | · | ·
· | · | ·
· | · | ·
2022-09-05 20:38:19.939 | INFO | Create actor of type: ActorType.CELL
2022-09-05 20:38:19.939 | INFO | Create actor of type: ActorType.CELL
2022-09-05 20:38:19.939 | INFO | Create actor of type: ActorType.CELL
2022-09-05 20:38:19.939 | INFO | Create actor of type: ActorType.CELL
2022-09-05 20:38:19.939 | INFO | Create actor of type: ActorType.CELL
2022-09-05 20:38:19.939 | INFO | Create actor of type: ActorType.CELL
2022-09-05 20:38:19.939 | INFO | Create actor of type: ActorType.CELL
2022-09-05 20:38:19.939 | INFO | Create actor of type: ActorType.CELL
2022-09-05 20:38:19.939 | INFO | Create actor of type: ActorType.CELL
2022-09-05 20:38:19.939 | INFO | Waiting input from player: X
2022-09-05 20:38:19.939 | INFO | Create actor of type: ActorType.CLOCK_TIMER_A
2022-09-05 20:38:19.939 | INFO | Player X sets token in pos: x: 1, y: 0
2022-09-05 20:38:19.940 | INFO | Board:
· | · | ·
X | · | ·
· | · | ·
2022-09-05 20:38:19.940 | INFO | Waiting input from player: O
2022-09-05 20:38:20.300 | INFO | Player O sets token in pos: x: 0, y: 0
2022-09-05 20:38:20.301 | INFO | Board:
O | · | ·
X | · | ·
· | · | ·
2022-09-05 20:38:20.301 | INFO | Waiting input from player: X
2022-09-05 20:38:20.349 | INFO | Player X sets token in pos: x: 0, y: 1
2022-09-05 20:38:20.350 | INFO | Board:
O | X | ·
X | · | ·
· | · | ·
2022-09-05 20:38:20.350 | INFO | Waiting input from player: O
2022-09-05 20:38:20.359 | INFO | Player O sets token in pos: x: 1, y: 1
2022-09-05 20:38:20.359 | INFO | Board:
O | X | ·
X | O | ·
· | · | ·
2022-09-05 20:38:20.359 | INFO | Waiting input from player: X
2022-09-05 20:38:20.369 | INFO | Player X sets token in pos: x: 2, y: 2
2022-09-05 20:38:20.370 | INFO | Board:
O | X | ·
X | O | ·
· | · | X
2022-09-05 20:38:20.370 | INFO | Waiting input from player: O
2022-09-05 20:38:20.385 | INFO | Player O sets token in pos: x: 0, y: 2
2022-09-05 20:38:20.386 | INFO | Board:
O | X | O
X | O | ·
· | · | X
2022-09-05 20:38:20.386 | INFO | Waiting input from player: X
2022-09-05 20:38:20.401 | INFO | Player X sets token in pos: x: 2, y: 0
2022-09-05 20:38:20.403 | INFO | Board:
O | X | O
X | O | ·
X | · | X
2022-09-05 20:38:20.403 | INFO | Waiting input from player: O
2022-09-05 20:38:20.419 | INFO | Player O sets token in pos: x: 2, y: 1
2022-09-05 20:38:20.420 | INFO | Board:
O | X | O
X | O | ·
X | O | X
2022-09-05 20:38:20.420 | INFO | Waiting input from player: X
2022-09-05 20:38:20.435 | INFO | Player X sets token in pos: x: 1, y: 2
2022-09-05 20:38:20.437 | INFO | It's a draw
2022-09-05 20:38:20.437 | INFO | Board:
O | X | O
X | O | X
X | O | X
2022-09-05 20:38:20.437 | INFO | Current game stats:
Time                  -->	2022-09-05 20:38:20.437406
Full screen           -->	     False
------                -->	    ------
Tournaments to play   -->	        10
Games for tournament  -->	         2
Turn max time in secs -->	        15
-------               -->	    ------
Current Tournament    -->	         9
Current Game          -->	         2
--------              -->	------------
Player 1 Game stats for current tournament-->	          
	* Token              -->	         X
	* Computer Controlled-->	      True
----                  -->	    ------
	* Total Draws        -->	        18
	* Total Games Played -->	        18
	* Victories          -->	         0
	* Defeats            -->	         0
	* Draws              -->	         2
	* Tournament Victories-->	         0
---------             -->	------------
Player 2 Game stats for current tournament-->	          
	+ Token              -->	         O
	+ Computer Controlled-->	      True
---                   -->	    ------
	+ Total Draws        -->	        18
	+ Total Games Played -->	        18
	+ Victories          -->	         0
	+ Defeats            -->	         0
	+ Draws              -->	         2
	+ Tournament Victories-->	         0
----------            -->	------------
Tournament Winner     -->	         -
-----------           -->	    ------
Tournaments Winners   -->	 ---------
--------------------------------------------------------------
2022-09-05 20:38:20.460 | INFO | Create board for game: 1 of tournament: 10
· | · | ·
· | · | ·
· | · | ·
2022-09-05 20:38:20.460 | INFO | Create actor of type: ActorType.CELL
2022-09-05 20:38:20.460 | INFO | Create actor of type: ActorType.CELL
2022-09-05 20:38:20.460 | INFO | Create actor of type: ActorType.CELL
2022-09-05 20:38:20.460 | INFO | Create actor of type: ActorType.CELL
2022-09-05 20:38:20.460 | INFO | Create actor of type: ActorType.CELL
2022-09-05 20:38:20.460 | INFO | Create actor of type: ActorType.CELL
2022-09-05 20:38:20.460 | INFO | Create actor of type: ActorType.CELL
2022-09-05 20:38:20.460 | INFO | Create actor of type: ActorType.CELL
2022-09-05 20:38:20.460 | INFO | Create actor of type: ActorType.CELL
2022-09-05 20:38:20.460 | INFO | Waiting input from player: X
2022-09-05 20:38:20.461 | INFO | Create actor of type: ActorType.CLOCK_TIMER_A
2022-09-05 20:38:20.461 | INFO | Player X sets token in pos: x: 1, y: 0
2022-09-05 20:38:20.461 | INFO | Board:
· | · | ·
X | · | ·
· | · | ·
2022-09-05 20:38:20.461 | INFO | Waiting input from player: O
2022-09-05 20:38:20.821 | INFO | Player O sets token in pos: x: 0, y: 0
2022-09-05 20:38:20.822 | INFO | Board:
O | · | ·
X | · | ·
· | · | ·
2022-09-05 20:38:20.822 | INFO | Waiting input from player: X
2022-09-05 20:38:20.869 | INFO | Player X sets token in pos: x: 0, y: 1
2022-09-05 20:38:20.870 | INFO | Board:
O | X | ·
X | · | ·
· | · | ·
2022-09-05 20:38:20.870 | INFO | Waiting input from player: O
2022-09-05 20:38:20.879 | INFO | Player O sets token in pos: x: 1, y: 1
2022-09-05 20:38:20.880 | INFO | Board:
O | X | ·
X | O | ·
· | · | ·
2022-09-05 20:38:20.880 | INFO | Waiting input from player: X
2022-09-05 20:38:20.889 | INFO | Player X sets token in pos: x: 2, y: 2
2022-09-05 20:38:20.890 | INFO | Board:
O | X | ·
X | O | ·
· | · | X
2022-09-05 20:38:20.890 | INFO | Waiting input from player: O
2022-09-05 20:38:20.904 | INFO | Player O sets token in pos: x: 0, y: 2
2022-09-05 20:38:20.906 | INFO | Board:
O | X | O
X | O | ·
· | · | X
2022-09-05 20:38:20.906 | INFO | Waiting input from player: X
2022-09-05 20:38:20.921 | INFO | Player X sets token in pos: x: 2, y: 0
2022-09-05 20:38:20.922 | INFO | Board:
O | X | O
X | O | ·
X | · | X
2022-09-05 20:38:20.922 | INFO | Waiting input from player: O
2022-09-05 20:38:20.938 | INFO | Player O sets token in pos: x: 2, y: 1
2022-09-05 20:38:20.940 | INFO | Board:
O | X | O
X | O | ·
X | O | X
2022-09-05 20:38:20.940 | INFO | Waiting input from player: X
2022-09-05 20:38:20.955 | INFO | Player X sets token in pos: x: 1, y: 2
2022-09-05 20:38:20.957 | INFO | It's a draw
2022-09-05 20:38:20.957 | INFO | Board:
O | X | O
X | O | X
X | O | X
2022-09-05 20:38:20.957 | INFO | Current game stats:
Time                  -->	2022-09-05 20:38:20.957086
Full screen           -->	     False
------                -->	    ------
Tournaments to play   -->	        10
Games for tournament  -->	         2
Turn max time in secs -->	        15
-------               -->	    ------
Current Tournament    -->	        10
Current Game          -->	         1
--------              -->	------------
Player 1 Game stats for current tournament-->	          
	* Token              -->	         X
	* Computer Controlled-->	      True
----                  -->	    ------
	* Total Draws        -->	        19
	* Total Games Played -->	        19
	* Victories          -->	         0
	* Defeats            -->	         0
	* Draws              -->	         1
	* Tournament Victories-->	         0
---------             -->	------------
Player 2 Game stats for current tournament-->	          
	+ Token              -->	         O
	+ Computer Controlled-->	      True
---                   -->	    ------
	+ Total Draws        -->	        19
	+ Total Games Played -->	        19
	+ Victories          -->	         0
	+ Defeats            -->	         0
	+ Draws              -->	         1
	+ Tournament Victories-->	         0
----------            -->	------------
Tournament Winner     -->	          
-----------           -->	    ------
Tournaments Winners   -->	 ---------
--------------------------------------------------------------
2022-09-05 20:38:20.978 | INFO | Create board for game: 2 of tournament: 10
· | · | ·
· | · | ·
· | · | ·
2022-09-05 20:38:20.978 | INFO | Create actor of type: ActorType.CELL
2022-09-05 20:38:20.978 | INFO | Create actor of type: ActorType.CELL
2022-09-05 20:38:20.978 | INFO | Create actor of type: ActorType.CELL
2022-09-05 20:38:20.978 | INFO | Create actor of type: ActorType.CELL
2022-09-05 20:38:20.978 | INFO | Create actor of type: ActorType.CELL
2022-09-05 20:38:20.978 | INFO | Create actor of type: ActorType.CELL
2022-09-05 20:38:20.978 | INFO | Create actor of type: ActorType.CELL
2022-09-05 20:38:20.978 | INFO | Create actor of type: ActorType.CELL
2022-09-05 20:38:20.978 | INFO | Create actor of type: ActorType.CELL
2022-09-05 20:38:20.978 | INFO | Waiting input from player: X
2022-09-05 20:38:20.978 | INFO | Create actor of type: ActorType.CLOCK_TIMER_A
2022-09-05 20:38:20.978 | INFO | Player X sets token in pos: x: 0, y: 0
2022-09-05 20:38:20.979 | INFO | Board:
X | · | ·
· | · | ·
· | · | ·
2022-09-05 20:38:20.979 | INFO | Waiting input from player: O
2022-09-05 20:38:21.317 | INFO | Player O sets token in pos: x: 1, y: 1
2022-09-05 20:38:21.318 | INFO | Board:
X | · | ·
· | O | ·
· | · | ·
2022-09-05 20:38:21.318 | INFO | Waiting input from player: X
2022-09-05 20:38:21.358 | INFO | Player X sets token in pos: x: 0, y: 1
2022-09-05 20:38:21.359 | INFO | Board:
X | X | ·
· | O | ·
· | · | ·
2022-09-05 20:38:21.359 | INFO | Waiting input from player: O
2022-09-05 20:38:21.364 | INFO | Player O sets token in pos: x: 0, y: 2
2022-09-05 20:38:21.365 | INFO | Board:
X | X | O
· | O | ·
· | · | ·
2022-09-05 20:38:21.365 | INFO | Waiting input from player: X
2022-09-05 20:38:21.376 | INFO | Player X sets token in pos: x: 2, y: 0
2022-09-05 20:38:21.377 | INFO | Board:
X | X | O
· | O | ·
X | · | ·
2022-09-05 20:38:21.377 | INFO | Waiting input from player: O
2022-09-05 20:38:21.392 | INFO | Player O sets token in pos: x: 1, y: 0
2022-09-05 20:38:21.393 | INFO | Board:
X | X | O
O | O | ·
X | · | ·
2022-09-05 20:38:21.393 | INFO | Waiting input from player: X
2022-09-05 20:38:21.409 | INFO | Player X sets token in pos: x: 1, y: 2
2022-09-05 20:38:21.410 | INFO | Board:
X | X | O
O | O | X
X | · | ·
2022-09-05 20:38:21.410 | INFO | Waiting input from player: O
2022-09-05 20:38:21.426 | INFO | Player O sets token in pos: x: 2, y: 1
2022-09-05 20:38:21.427 | INFO | Board:
X | X | O
O | O | X
X | O | ·
2022-09-05 20:38:21.427 | INFO | Waiting input from player: X
2022-09-05 20:38:21.445 | INFO | Player X sets token in pos: x: 2, y: 2
2022-09-05 20:38:21.447 | INFO | It's a draw
2022-09-05 20:38:21.447 | INFO | Board:
X | X | O
O | O | X
X | O | X
2022-09-05 20:38:21.448 | INFO | Current game stats:
Time                  -->	2022-09-05 20:38:21.447245
Full screen           -->	     False
------                -->	    ------
Tournaments to play   -->	        10
Games for tournament  -->	         2
Turn max time in secs -->	        15
-------               -->	    ------
Current Tournament    -->	        10
Current Game          -->	         2
--------              -->	------------
Player 1 Game stats for current tournament-->	          
	* Token              -->	         X
	* Computer Controlled-->	      True
----                  -->	    ------
	* Total Draws        -->	        20
	* Total Games Played -->	        20
	* Victories          -->	         0
	* Defeats            -->	         0
	* Draws              -->	         2
	* Tournament Victories-->	         0
---------             -->	------------
Player 2 Game stats for current tournament-->	          
	+ Token              -->	         O
	+ Computer Controlled-->	      True
---                   -->	    ------
	+ Total Draws        -->	        20
	+ Total Games Played -->	        20
	+ Victories          -->	         0
	+ Defeats            -->	         0
	+ Draws              -->	         2
	+ Tournament Victories-->	         0
----------            -->	------------
Tournament Winner     -->	         -
-----------           -->	    ------
Tournaments Winners   -->	----------
--------------------------------------------------------------
2022-09-05 20:38:21.469 | INFO | Winner of this Tic Tac Toe campaign: It's a draw. Score: 0 to 0
2022-09-05 20:38:21.469 | INFO | End app tictactoe
