2022-09-05 20:37:30.138 | INFO | Start app tictactoe version: 0.0.1
2022-09-05 20:37:30.351 | INFO | Create Player: 1 with Token: X. Class: ComputerPlayer
2022-09-05 20:37:30.351 | INFO | Create Player: 2 with Token: O. Class: ComputerPlayer
2022-09-05 20:37:30.354 | INFO | Create board for game: 1 of tournament: 1
· | · | ·
· | · | ·
· | · | ·
2022-09-05 20:37:30.354 | INFO | Create actor of type: ActorType.CELL
2022-09-05 20:37:30.354 | INFO | Create actor of type: ActorType.CELL
2022-09-05 20:37:30.354 | INFO | Create actor of type: ActorType.CELL
2022-09-05 20:37:30.354 | INFO | Create actor of type: ActorType.CELL
2022-09-05 20:37:30.354 | INFO | Create actor of type: ActorType.CELL
2022-09-05 20:37:30.363 | INFO | Create actor of type: ActorType.CELL
2022-09-05 20:37:30.363 | INFO | Create actor of type: ActorType.CELL
2022-09-05 20:37:30.363 | INFO | Create actor of type: ActorType.CELL
2022-09-05 20:37:30.363 | INFO | Create actor of type: ActorType.CELL
2022-09-05 20:37:30.363 | INFO | Waiting input from player: X
2022-09-05 20:37:30.363 | INFO | Create actor of type: ActorType.CLOCK_TIMER_A
2022-09-05 20:37:30.368 | INFO | Current game stats:
Time                  -->	2022-09-05 20:37:30.367078
Full screen           -->	     False
------                -->	    ------
Tournaments to play   -->	        10
Games for tournament  -->	         2
Turn max time in secs -->	        15
-------               -->	    ------
Current Tournament    -->	         1
Current Game          -->	         1
--------              -->	------------
Player 1 Game stats for current tournament-->	          
	* Token              -->	         X
	* Computer Controlled-->	      True
----                  -->	    ------
	* Total Draws        -->	         0
	* Total Games Played -->	         0
	* Victories          -->	         0
	* Defeats            -->	         0
	* Draws              -->	         0
	* Tournament Victories-->	         0
---------             -->	------------
Player 2 Game stats for current tournament-->	          
	+ Token              -->	         O
	+ Computer Controlled-->	      True
---                   -->	    ------
	+ Total Draws        -->	         0
	+ Total Games Played -->	         0
	+ Victories          -->	         0
	+ Defeats            -->	         0
	+ Draws              -->	         0
	+ Tournament Victories-->	         0
----------            -->	------------
Tournament Winner     -->	          
-----------           -->	    ------
Tournaments Winners   -->	          
--------------------------------------------------------------
2022-09-05 20:37:30.369 | INFO | Player X sets token in pos: x: 0, y: 2
2022-09-05 20:37:30.369 | INFO | Board:
· | · | X
· | · | ·
· | · | ·
2022-09-05 20:37:30.369 | INFO | Waiting input from player: O
2022-09-05 20:37:30.706 | INFO | Player O sets token in pos: x: 1, y: 1
2022-09-05 20:37:30.706 | INFO | Board:
· | · | X
· | O | ·
· | · | ·
2022-09-05 20:37:30.706 | INFO | Waiting input from player: X
2022-09-05 20:37:30.746 | INFO | Player X sets token in pos: x: 0, y: 0
2022-09-05 20:37:30.747 | INFO | Board:
X | · | X
· | O | ·
· | · | ·
2022-09-05 20:37:30.747 | INFO | Waiting input from player: O
2022-09-05 20:37:30.753 | INFO | Player O sets token in pos: x: 0, y: 1
2022-09-05 20:37:30.753 | INFO | Board:
X | O | X
· | O | ·
· | · | ·
2022-09-05 20:37:30.753 | INFO | Waiting input from player: X
2022-09-05 20:37:30.765 | INFO | Player X sets token in pos: x: 2, y: 1
2022-09-05 20:37:30.766 | INFO | Board:
X | O | X
· | O | ·
· | X | ·
2022-09-05 20:37:30.766 | INFO | Waiting input from player: O
2022-09-05 20:37:30.782 | INFO | Player O sets token in pos: x: 1, y: 0
2022-09-05 20:37:30.783 | INFO | Board:
X | O | X
O | O | ·
· | X | ·
2022-09-05 20:37:30.783 | INFO | Waiting input from player: X
2022-09-05 20:37:30.799 | INFO | Player X sets token in pos: x: 1, y: 2
2022-09-05 20:37:30.800 | INFO | Board:
X | O | X
O | O | X
· | X | ·
2022-09-05 20:37:30.800 | INFO | Waiting input from player: O
2022-09-05 20:37:30.815 | INFO | Player O sets token in pos: x: 2, y: 2
2022-09-05 20:37:30.816 | INFO | Board:
X | O | X
O | O | X
· | X | O
2022-09-05 20:37:30.816 | INFO | Waiting input from player: X
2022-09-05 20:37:30.832 | INFO | Player X sets token in pos: x: 2, y: 0
2022-09-05 20:37:30.834 | INFO | It's a draw
2022-09-05 20:37:30.834 | INFO | Board:
X | O | X
O | O | X
X | X | O
2022-09-05 20:37:30.834 | INFO | Current game stats:
Time                  -->	2022-09-05 20:37:30.834656
Full screen           -->	     False
------                -->	    ------
Tournaments to play   -->	        10
Games for tournament  -->	         2
Turn max time in secs -->	        15
-------               -->	    ------
Current Tournament    -->	         1
Current Game          -->	         1
--------              -->	------------
Player 1 Game stats for current tournament-->	          
	* Token              -->	         X
	* Computer Controlled-->	      True
----                  -->	    ------
	* Total Draws        -->	         1
	* Total Games Played -->	         1
	* Victories          -->	         0
	* Defeats            -->	         0
	* Draws              -->	         1
	* Tournament Victories-->	         0
---------             -->	------------
Player 2 Game stats for current tournament-->	          
	+ Token              -->	         O
	+ Computer Controlled-->	      True
---                   -->	    ------
	+ Total Draws        -->	         1
	+ Total Games Played -->	         1
	+ Victories          -->	         0
	+ Defeats            -->	         0
	+ Draws              -->	         1
	+ Tournament Victories-->	         0
----------            -->	------------
Tournament Winner     -->	          
-----------           -->	    ------
Tournaments Winners   -->	          
--------------------------------------------------------------
2022-09-05 20:37:30.856 | INFO | Create board for game: 2 of tournament: 1
· | · | ·
· | · | ·
· | · | ·
2022-09-05 20:37:30.856 | INFO | Create actor of type: ActorType.CELL
2022-09-05 20:37:30.856 | INFO | Create actor of type: ActorType.CELL
2022-09-05 20:37:30.856 | INFO | Create actor of type: ActorType.CELL
2022-09-05 20:37:30.856 | INFO | Create actor of type: ActorType.CELL
2022-09-05 20:37:30.856 | INFO | Create actor of type: ActorType.CELL
2022-09-05 20:37:30.856 | INFO | Create actor of type: ActorType.CELL
2022-09-05 20:37:30.856 | INFO | Create actor of type: ActorType.CELL
2022-09-05 20:37:30.856 | INFO | Create actor of type: ActorType.CELL
2022-09-05 20:37:30.856 | INFO | Create actor of type: ActorType.CELL
2022-09-05 20:37:30.856 | INFO | Waiting input from player: X
2022-09-05 20:37:30.856 | INFO | Create actor of type: ActorType.CLOCK_TIMER_A
2022-09-05 20:37:30.856 | INFO | Player X sets token in pos: x: 0, y: 1
2022-09-05 20:37:30.857 | INFO | Board:
· | X | ·
· | · | ·
· | · | ·
2022-09-05 20:37:30.857 | INFO | Waiting input from player: O
2022-09-05 20:37:31.233 | INFO | Player O sets token in pos: x: 0, y: 0
2022-09-05 20:37:31.234 | INFO | Board:
O | X | ·
· | · | ·
· | · | ·
2022-09-05 20:37:31.234 | INFO | Waiting input from player: X
2022-09-05 20:37:31.284 | INFO | Player X sets token in pos: x: 1, y: 0
2022-09-05 20:37:31.284 | INFO | Board:
O | X | ·
X | · | ·
· | · | ·
2022-09-05 20:37:31.284 | INFO | Waiting input from player: O
2022-09-05 20:37:31.293 | INFO | Player O sets token in pos: x: 1, y: 1
2022-09-05 20:37:31.294 | INFO | Board:
O | X | ·
X | O | ·
· | · | ·
2022-09-05 20:37:31.294 | INFO | Waiting input from player: X
2022-09-05 20:37:31.303 | INFO | Player X sets token in pos: x: 2, y: 2
2022-09-05 20:37:31.304 | INFO | Board:
O | X | ·
X | O | ·
· | · | X
2022-09-05 20:37:31.304 | INFO | Waiting input from player: O
2022-09-05 20:37:31.318 | INFO | Player O sets token in pos: x: 0, y: 2
2022-09-05 20:37:31.318 | INFO | Board:
O | X | O
X | O | ·
· | · | X
2022-09-05 20:37:31.318 | INFO | Waiting input from player: X
2022-09-05 20:37:31.334 | INFO | Player X sets token in pos: x: 2, y: 0
2022-09-05 20:37:31.335 | INFO | Board:
O | X | O
X | O | ·
X | · | X
2022-09-05 20:37:31.335 | INFO | Waiting input from player: O
2022-09-05 20:37:31.351 | INFO | Player O sets token in pos: x: 2, y: 1
2022-09-05 20:37:31.353 | INFO | Board:
O | X | O
X | O | ·
X | O | X
2022-09-05 20:37:31.353 | INFO | Waiting input from player: X
2022-09-05 20:37:31.366 | INFO | Player X sets token in pos: x: 1, y: 2
2022-09-05 20:37:31.367 | INFO | It's a draw
2022-09-05 20:37:31.368 | INFO | Board:
O | X | O
X | O | X
X | O | X
2022-09-05 20:37:31.368 | INFO | Current game stats:
Time                  -->	2022-09-05 20:37:31.368439
Full screen           -->	     False
------                -->	    ------
Tournaments to play   -->	        10
Games for tournament  -->	         2
Turn max time in secs -->	        15
-------               -->	    ------
Current Tournament    -->	         1
Current Game          -->	         2
--------              -->	------------
Player 1 Game stats for current tournament-->	          
	* Token              -->	         X
	* Computer Controlled-->	      True
----                  -->	    ------
	* Total Draws        -->	         2
	* Total Games Played -->	         2
	* Victories          -->	         0
	* Defeats            -->	         0
	* Draws              -->	         2
	* Tournament Victories-->	         0
---------             -->	------------
Player 2 Game stats for current tournament-->	          
	+ Token              -->	         O
	+ Computer Controlled-->	      True
---                   -->	    ------
	+ Total Draws        -->	         2
	+ Total Games Played -->	         2
	+ Victories          -->	         0
	+ Defeats            -->	         0
	+ Draws              -->	         2
	+ Tournament Victories-->	         0
----------            -->	------------
Tournament Winner     -->	         -
-----------           -->	    ------
Tournaments Winners   -->	         -
--------------------------------------------------------------
2022-09-05 20:37:31.389 | INFO | Create board for game: 1 of tournament: 2
· | · | ·
· | · | ·
· | · | ·
2022-09-05 20:37:31.389 | INFO | Create actor of type: ActorType.CELL
2022-09-05 20:37:31.389 | INFO | Create actor of type: ActorType.CELL
2022-09-05 20:37:31.389 | INFO | Create actor of type: ActorType.CELL
2022-09-05 20:37:31.389 | INFO | Create actor of type: ActorType.CELL
2022-09-05 20:37:31.390 | INFO | Create actor of type: ActorType.CELL
2022-09-05 20:37:31.390 | INFO | Create actor of type: ActorType.CELL
2022-09-05 20:37:31.390 | INFO | Create actor of type: ActorType.CELL
2022-09-05 20:37:31.390 | INFO | Create actor of type: ActorType.CELL
2022-09-05 20:37:31.390 | INFO | Create actor of type: ActorType.CELL
2022-09-05 20:37:31.390 | INFO | Waiting input from player: X
2022-09-05 20:37:31.390 | INFO | Create actor of type: ActorType.CLOCK_TIMER_A
2022-09-05 20:37:31.390 | INFO | Player X sets token in pos: x: 1, y: 0
2022-09-05 20:37:31.390 | INFO | Board:
· | · | ·
X | · | ·
· | · | ·
2022-09-05 20:37:31.390 | INFO | Waiting input from player: O
2022-09-05 20:37:31.758 | INFO | Player O sets token in pos: x: 0, y: 0
2022-09-05 20:37:31.759 | INFO | Board:
O | · | ·
X | · | ·
· | · | ·
2022-09-05 20:37:31.759 | INFO | Waiting input from player: X
2022-09-05 20:37:31.809 | INFO | Player X sets token in pos: x: 0, y: 1
2022-09-05 20:37:31.811 | INFO | Board:
O | X | ·
X | · | ·
· | · | ·
2022-09-05 20:37:31.811 | INFO | Waiting input from player: O
2022-09-05 20:37:31.820 | INFO | Player O sets token in pos: x: 1, y: 1
2022-09-05 20:37:31.821 | INFO | Board:
O | X | ·
X | O | ·
· | · | ·
2022-09-05 20:37:31.821 | INFO | Waiting input from player: X
2022-09-05 20:37:31.827 | INFO | Player X sets token in pos: x: 2, y: 2
2022-09-05 20:37:31.828 | INFO | Board:
O | X | ·
X | O | ·
· | · | X
2022-09-05 20:37:31.828 | INFO | Waiting input from player: O
2022-09-05 20:37:31.843 | INFO | Player O sets token in pos: x: 0, y: 2
2022-09-05 20:37:31.844 | INFO | Board:
O | X | O
X | O | ·
· | · | X
2022-09-05 20:37:31.844 | INFO | Waiting input from player: X
2022-09-05 20:37:31.860 | INFO | Player X sets token in pos: x: 2, y: 0
2022-09-05 20:37:31.861 | INFO | Board:
O | X | O
X | O | ·
X | · | X
2022-09-05 20:37:31.861 | INFO | Waiting input from player: O
2022-09-05 20:37:31.876 | INFO | Player O sets token in pos: x: 2, y: 1
2022-09-05 20:37:31.878 | INFO | Board:
O | X | O
X | O | ·
X | O | X
2022-09-05 20:37:31.878 | INFO | Waiting input from player: X
2022-09-05 20:37:31.892 | INFO | Player X sets token in pos: x: 1, y: 2
2022-09-05 20:37:31.894 | INFO | It's a draw
2022-09-05 20:37:31.894 | INFO | Board:
O | X | O
X | O | X
X | O | X
2022-09-05 20:37:31.895 | INFO | Current game stats:
Time                  -->	2022-09-05 20:37:31.894729
Full screen           -->	     False
------                -->	    ------
Tournaments to play   -->	        10
Games for tournament  -->	         2
Turn max time in secs -->	        15
-------               -->	    ------
Current Tournament    -->	         2
Current Game          -->	         1
--------              -->	------------
Player 1 Game stats for current tournament-->	          
	* Token              -->	         X
	* Computer Controlled-->	      True
----                  -->	    ------
	* Total Draws        -->	         3
	* Total Games Played -->	         3
	* Victories          -->	         0
	* Defeats            -->	         0
	* Draws              -->	         1
	* Tournament Victories-->	         0
---------             -->	------------
Player 2 Game stats for current tournament-->	          
	+ Token              -->	         O
	+ Computer Controlled-->	      True
---                   -->	    ------
	+ Total Draws        -->	         3
	+ Total Games Played -->	         3
	+ Victories          -->	         0
	+ Defeats            -->	         0
	+ Draws              -->	         1
	+ Tournament Victories-->	         0
----------            -->	------------
Tournament Winner     -->	          
-----------           -->	    ------
Tournaments Winners   -->	         -
--------------------------------------------------------------
2022-09-05 20:37:31.917 | INFO | Create board for game: 2 of tournament: 2
· | · | ·
· | · | ·
· | · | ·
2022-09-05 20:37:31.917 | INFO | Create actor of type: ActorType.CELL
2022-09-05 20:37:31.917 | INFO | Create actor of type: ActorType.CELL
2022-09-05 20:37:31.917 | INFO | Create actor of type: ActorType.CELL
2022-09-05 20:37:31.917 | INFO | Create actor of type: ActorType.CELL
2022-09-05 20:37:31.917 | INFO | Create actor of type: ActorType.CELL
2022-09-05 20:37:31.917 | INFO | Create actor of type: ActorType.CELL
2022-09-05 20:37:31.917 | INFO | Create actor of type: ActorType.CELL
2022-09-05 20:37:31.917 | INFO | Create actor of type: ActorType.CELL
2022-09-05 20:37:31.917 | INFO | Create actor of type: ActorType.CELL
2022-09-05 20:37:31.917 | INFO | Waiting input from player: X
2022-09-05 20:37:31.917 | INFO | Create actor of type: ActorType.CLOCK_TIMER_A
2022-09-05 20:37:31.918 | INFO | Player X sets token in pos: x: 0, y: 1
2022-09-05 20:37:31.918 | INFO | Board:
· | X | ·
· | · | ·
· | · | ·
2022-09-05 20:37:31.918 | INFO | Waiting input from player: O
2022-09-05 20:37:32.289 | INFO | Player O sets token in pos: x: 0, y: 0
2022-09-05 20:37:32.289 | INFO | Board:
O | X | ·
· | · | ·
· | · | ·
2022-09-05 20:37:32.289 | INFO | Waiting input from player: X
2022-09-05 20:37:32.340 | INFO | Player X sets token in pos: x: 1, y: 0
2022-09-05 20:37:32.341 | INFO | Board:
O | X | ·
X | · | ·
· | · | ·
2022-09-05 20:37:32.341 | INFO | Waiting input from player: O
2022-09-05 20:37:32.349 | INFO | Player O sets token in pos: x: 1, y: 1
2022-09-05 20:37:32.350 | INFO | Board:
O | X | ·
X | O | ·
· | · | ·
2022-09-05 20:37:32.350 | INFO | Waiting input from player: X
2022-09-05 20:37:32.362 | INFO | Player X sets token in pos: x: 2, y: 2
2022-09-05 20:37:32.363 | INFO | Board:
O | X | ·
X | O | ·
· | · | X
2022-09-05 20:37:32.363 | INFO | Waiting input from player: O
2022-09-05 20:37:32.377 | INFO | Player O sets token in pos: x: 0, y: 2
2022-09-05 20:37:32.377 | INFO | Board:
O | X | O
X | O | ·
· | · | X
2022-09-05 20:37:32.377 | INFO | Waiting input from player: X
2022-09-05 20:37:32.392 | INFO | Player X sets token in pos: x: 2, y: 0
2022-09-05 20:37:32.393 | INFO | Board:
O | X | O
X | O | ·
X | · | X
2022-09-05 20:37:32.393 | INFO | Waiting input from player: O
2022-09-05 20:37:32.408 | INFO | Player O sets token in pos: x: 2, y: 1
2022-09-05 20:37:32.409 | INFO | Board:
O | X | O
X | O | ·
X | O | X
2022-09-05 20:37:32.409 | INFO | Waiting input from player: X
2022-09-05 20:37:32.425 | INFO | Player X sets token in pos: x: 1, y: 2
2022-09-05 20:37:32.426 | INFO | It's a draw
2022-09-05 20:37:32.427 | INFO | Board:
O | X | O
X | O | X
X | O | X
2022-09-05 20:37:32.427 | INFO | Current game stats:
Time                  -->	2022-09-05 20:37:32.427313
Full screen           -->	     False
------                -->	    ------
Tournaments to play   -->	        10
Games for tournament  -->	         2
Turn max time in secs -->	        15
-------               -->	    ------
Current Tournament    -->	         2
Current Game          -->	         2
--------              -->	------------
Player 1 Game stats for current tournament-->	          
	* Token              -->	         X
	* Computer Controlled-->	      True
----                  -->	    ------
	* Total Draws        -->	         4
	* Total Games Played -->	         4
	* Victories          -->	         0
	* Defeats            -->	         0
	* Draws              -->	         2
	* Tournament Victories-->	         0
---------             -->	------------
Player 2 Game stats for current tournament-->	          
	+ Token              -->	         O
	+ Computer Controlled-->	      True
---                   -->	    ------
	+ Total Draws        -->	         4
	+ Total Games Played -->	         4
	+ Victories          -->	         0
	+ Defeats            -->	         0
	+ Draws              -->	         2
	+ Tournament Victories-->	         0
----------            -->	------------
Tournament Winner     -->	         -
-----------           -->	    ------
Tournaments Winners   -->	        --
--------------------------------------------------------------
2022-09-05 20:37:32.449 | INFO | Create board for game: 1 of tournament: 3
· | · | ·
· | · | ·
· | · | ·
2022-09-05 20:37:32.449 | INFO | Create actor of type: ActorType.CELL
2022-09-05 20:37:32.450 | INFO | Create actor of type: ActorType.CELL
2022-09-05 20:37:32.450 | INFO | Create actor of type: ActorType.CELL
2022-09-05 20:37:32.450 | INFO | Create actor of type: ActorType.CELL
2022-09-05 20:37:32.450 | INFO | Create actor of type: ActorType.CELL
2022-09-05 20:37:32.450 | INFO | Create actor of type: ActorType.CELL
2022-09-05 20:37:32.450 | INFO | Create actor of type: ActorType.CELL
2022-09-05 20:37:32.450 | INFO | Create actor of type: ActorType.CELL
2022-09-05 20:37:32.450 | INFO | Create actor of type: ActorType.CELL
2022-09-05 20:37:32.450 | INFO | Waiting input from player: X
2022-09-05 20:37:32.450 | INFO | Create actor of type: ActorType.CLOCK_TIMER_A
2022-09-05 20:37:32.450 | INFO | Player X sets token in pos: x: 2, y: 0
2022-09-05 20:37:32.450 | INFO | Board:
· | · | ·
· | · | ·
X | · | ·
2022-09-05 20:37:32.451 | INFO | Waiting input from player: O
2022-09-05 20:37:32.795 | INFO | Player O sets token in pos: x: 1, y: 1
2022-09-05 20:37:32.796 | INFO | Board:
· | · | ·
· | O | ·
X | · | ·
2022-09-05 20:37:32.796 | INFO | Waiting input from player: X
2022-09-05 20:37:32.839 | INFO | Player X sets token in pos: x: 0, y: 0
2022-09-05 20:37:32.839 | INFO | Board:
X | · | ·
· | O | ·
X | · | ·
2022-09-05 20:37:32.839 | INFO | Waiting input from player: O
2022-09-05 20:37:32.845 | INFO | Player O sets token in pos: x: 1, y: 0
2022-09-05 20:37:32.846 | INFO | Board:
X | · | ·
O | O | ·
X | · | ·
2022-09-05 20:37:32.846 | INFO | Waiting input from player: X
2022-09-05 20:37:32.858 | INFO | Player X sets token in pos: x: 1, y: 2
2022-09-05 20:37:32.859 | INFO | Board:
X | · | ·
O | O | X
X | · | ·
2022-09-05 20:37:32.859 | INFO | Waiting input from player: O
2022-09-05 20:37:32.874 | INFO | Player O sets token in pos: x: 0, y: 1
2022-09-05 20:37:32.875 | INFO | Board:
X | O | ·
O | O | X
X | · | ·
2022-09-05 20:37:32.875 | INFO | Waiting input from player: X
2022-09-05 20:37:32.890 | INFO | Player X sets token in pos: x: 2, y: 1
2022-09-05 20:37:32.891 | INFO | Board:
X | O | ·
O | O | X
X | X | ·
2022-09-05 20:37:32.891 | INFO | Waiting input from player: O
2022-09-05 20:37:32.907 | INFO | Player O sets token in pos: x: 2, y: 2
2022-09-05 20:37:32.908 | INFO | Board:
X | O | ·
O | O | X
X | X | O
2022-09-05 20:37:32.909 | INFO | Waiting input from player: X
2022-09-05 20:37:32.923 | INFO | Player X sets token in pos: x: 0, y: 2
2022-09-05 20:37:32.925 | INFO | It's a draw
2022-09-05 20:37:32.925 | INFO | Board:
X | O | X
O | O | X
X | X | O
2022-09-05 20:37:32.925 | INFO | Current game stats:
Time                  -->	2022-09-05 20:37:32.925284
Full screen           -->	     False
------                -->	    ------
Tournaments to play   -->	        10
Games for tournament  -->	         2
Turn max time in secs -->	        15
-------               -->	    ------
Current Tournament    -->	         3
Current Game          -->	         1
--------              -->	------------
Player 1 Game stats for current tournament-->	          
	* Token              -->	         X
	* Computer Controlled-->	      True
----                  -->	    ------
	* Total Draws        -->	         5
	* Total Games Played -->	         5
	* Victories          -->	         0
	* Defeats            -->	         0
	* Draws              -->	         1
	* Tournament Victories-->	         0
---------             -->	------------
Player 2 Game stats for current tournament-->	          
	+ Token              -->	         O
	+ Computer Controlled-->	      True
---                   -->	    ------
	+ Total Draws        -->	         5
	+ Total Games Played -->	         5
	+ Victories          -->	         0
	+ Defeats            -->	         0
	+ Draws              -->	         1
	+ Tournament Victories-->	         0
----------            -->	------------
Tournament Winner     -->	          
-----------           -->	    ------
Tournaments Winners   -->	        --
--------------------------------------------------------------
2022-09-05 20:37:32.946 | INFO | Create board for game: 2 of tournament: 3
· | · | ·
· | · | ·
· | · | ·
2022-09-05 20:37:32.947 | INFO | Create actor of type: ActorType.CELL
2022-09-05 20:37:32.947 | INFO | Create actor of type: ActorType.CELL
2022-09-05 20:37:32.947 | INFO | Create actor of type: ActorType.CELL
2022-09-05 20:37:32.947 | INFO | Create actor of type: ActorType.CELL
2022-09-05 20:37:32.947 | INFO | Create actor of type: ActorType.CELL
2022-09-05 20:37:32.947 | INFO | Create actor of type: ActorType.CELL
2022-09-05 20:37:32.947 | INFO | Create actor of type: ActorType.CELL
2022-09-05 20:37:32.947 | INFO | Create actor of type: ActorType.CELL
2022-09-05 20:37:32.947 | INFO | Create actor of type: ActorType.CELL
2022-09-05 20:37:32.947 | INFO | Waiting input from player: X
2022-09-05 20:37:32.947 | INFO | Create actor of type: ActorType.CLOCK_TIMER_A
2022-09-05 20:37:32.947 | INFO | Player X sets token in pos: x: 1, y: 1
2022-09-05 20:37:32.948 | INFO | Board:
· | · | ·
· | X | ·
· | · | ·
2022-09-05 20:37:32.948 | INFO | Waiting input from player: O
2022-09-05 20:37:33.269 | INFO | Player O sets token in pos: x: 0, y: 0
2022-09-05 20:37:33.270 | INFO | Board:
O | · | ·
· | X | ·
· | · | ·
2022-09-05 20:37:33.270 | INFO | Waiting input from player: X
2022-09-05 20:37:33.309 | INFO | Player X sets token in pos: x: 0, y: 1
2022-09-05 20:37:33.309 | INFO | Board:
O | X | ·
· | X | ·
· | · | ·
2022-09-05 20:37:33.309 | INFO | Waiting input from player: O
2022-09-05 20:37:33.316 | INFO | Player O sets token in pos: x: 2, y: 1
2022-09-05 20:37:33.317 | INFO | Board:
O | X | ·
· | X | ·
· | O | ·
2022-09-05 20:37:33.317 | INFO | Waiting input from player: X
2022-09-05 20:37:33.328 | INFO | Player X sets token in pos: x: 1, y: 0
2022-09-05 20:37:33.329 | INFO | Board:
O | X | ·
X | X | ·
· | O | ·
2022-09-05 20:37:33.329 | INFO | Waiting input from player: O
2022-09-05 20:37:33.343 | INFO | Player O sets token in pos: x: 1, y: 2
2022-09-05 20:37:33.344 | INFO | Board:
O | X | ·
X | X | O
· | O | ·
2022-09-05 20:37:33.344 | INFO | Waiting input from player: X
2022-09-05 20:37:33.360 | INFO | Player X sets token in pos: x: 0, y: 2
2022-09-05 20:37:33.361 | INFO | Board:
O | X | X
X | X | O
· | O | ·
2022-09-05 20:37:33.361 | INFO | Waiting input from player: O
2022-09-05 20:37:33.377 | INFO | Player O sets token in pos: x: 2, y: 0
2022-09-05 20:37:33.378 | INFO | Board:
O | X | X
X | X | O
O | O | ·
2022-09-05 20:37:33.378 | INFO | Waiting input from player: X
2022-09-05 20:37:33.393 | INFO | Player X sets token in pos: x: 2, y: 2
2022-09-05 20:37:33.395 | INFO | It's a draw
2022-09-05 20:37:33.395 | INFO | Board:
O | X | X
X | X | O
O | O | X
2022-09-05 20:37:33.396 | INFO | Current game stats:
Time                  -->	2022-09-05 20:37:33.395579
Full screen           -->	     False
------                -->	    ------
Tournaments to play   -->	        10
Games for tournament  -->	         2
Turn max time in secs -->	        15
-------               -->	    ------
Current Tournament    -->	         3
Current Game          -->	         2
--------              -->	------------
Player 1 Game stats for current tournament-->	          
	* Token              -->	         X
	* Computer Controlled-->	      True
----                  -->	    ------
	* Total Draws        -->	         6
	* Total Games Played -->	         6
	* Victories          -->	         0
	* Defeats            -->	         0
	* Draws              -->	         2
	* Tournament Victories-->	         0
---------             -->	------------
Player 2 Game stats for current tournament-->	          
	+ Token              -->	         O
	+ Computer Controlled-->	      True
---                   -->	    ------
	+ Total Draws        -->	         6
	+ Total Games Played -->	         6
	+ Victories          -->	         0
	+ Defeats            -->	         0
	+ Draws              -->	         2
	+ Tournament Victories-->	         0
----------            -->	------------
Tournament Winner     -->	         -
-----------           -->	    ------
Tournaments Winners   -->	       ---
--------------------------------------------------------------
2022-09-05 20:37:33.415 | INFO | Create board for game: 1 of tournament: 4
· | · | ·
· | · | ·
· | · | ·
2022-09-05 20:37:33.415 | INFO | Create actor of type: ActorType.CELL
2022-09-05 20:37:33.415 | INFO | Create actor of type: ActorType.CELL
2022-09-05 20:37:33.415 | INFO | Create actor of type: ActorType.CELL
2022-09-05 20:37:33.415 | INFO | Create actor of type: ActorType.CELL
2022-09-05 20:37:33.415 | INFO | Create actor of type: ActorType.CELL
2022-09-05 20:37:33.415 | INFO | Create actor of type: ActorType.CELL
2022-09-05 20:37:33.415 | INFO | Create actor of type: ActorType.CELL
2022-09-05 20:37:33.415 | INFO | Create actor of type: ActorType.CELL
2022-09-05 20:37:33.415 | INFO | Create actor of type: ActorType.CELL
2022-09-05 20:37:33.415 | INFO | Waiting input from player: X
2022-09-05 20:37:33.415 | INFO | Create actor of type: ActorType.CLOCK_TIMER_A
2022-09-05 20:37:33.415 | INFO | Player X sets token in pos: x: 2, y: 2
2022-09-05 20:37:33.416 | INFO | Board:
· | · | ·
· | · | ·
· | · | X
2022-09-05 20:37:33.416 | INFO | Waiting input from player: O
2022-09-05 20:37:33.765 | INFO | Player O sets token in pos: x: 1, y: 1
2022-09-05 20:37:33.766 | INFO | Board:
· | · | ·
· | O | ·
· | · | X
2022-09-05 20:37:33.766 | INFO | Waiting input from player: X
2022-09-05 20:37:33.807 | INFO | Player X sets token in pos: x: 0, y: 0
2022-09-05 20:37:33.807 | INFO | Board:
X | · | ·
· | O | ·
· | · | X
2022-09-05 20:37:33.807 | INFO | Waiting input from player: O
2022-09-05 20:37:33.814 | INFO | Player O sets token in pos: x: 0, y: 1
2022-09-05 20:37:33.815 | INFO | Board:
X | O | ·
· | O | ·
· | · | X
2022-09-05 20:37:33.815 | INFO | Waiting input from player: X
2022-09-05 20:37:33.826 | INFO | Player X sets token in pos: x: 2, y: 1
2022-09-05 20:37:33.827 | INFO | Board:
X | O | ·
· | O | ·
· | X | X
2022-09-05 20:37:33.827 | INFO | Waiting input from player: O
2022-09-05 20:37:33.841 | INFO | Player O sets token in pos: x: 2, y: 0
2022-09-05 20:37:33.842 | INFO | Board:
X | O | ·
· | O | ·
O | X | X
2022-09-05 20:37:33.842 | INFO | Waiting input from player: X
2022-09-05 20:37:33.858 | INFO | Player X sets token in pos: x: 0, y: 2
2022-09-05 20:37:33.859 | INFO | Board:
X | O | X
· | O | ·
O | X | X
2022-09-05 20:37:33.859 | INFO | Waiting input from player: O
2022-09-05 20:37:33.874 | INFO | Player O sets token in pos: x: 1, y: 2
2022-09-05 20:37:33.875 | INFO | Board:
X | O | X
· | O | O
O | X | X
2022-09-05 20:37:33.875 | INFO | Waiting input from player: X
2022-09-05 20:37:33.889 | INFO | Player X sets token in pos: x: 1, y: 0
2022-09-05 20:37:33.890 | INFO | It's a draw
2022-09-05 20:37:33.890 | INFO | Board:
X | O | X
X | O | O
O | X | X
2022-09-05 20:37:33.890 | INFO | Current game stats:
Time                  -->	2022-09-05 20:37:33.890993
Full screen           -->	     False
------                -->	    ------
Tournaments to play   -->	        10
Games for tournament  -->	         2
Turn max time in secs -->	        15
-------               -->	    ------
Current Tournament    -->	         4
Current Game          -->	         1
--------              -->	------------
Player 1 Game stats for current tournament-->	          
	* Token              -->	         X
	* Computer Controlled-->	      True
----                  -->	    ------
	* Total Draws        -->	         7
	* Total Games Played -->	         7
	* Victories          -->	         0
	* Defeats            -->	         0
	* Draws              -->	         1
	* Tournament Victories-->	         0
---------             -->	------------
Player 2 Game stats for current tournament-->	          
	+ Token              -->	         O
	+ Computer Controlled-->	      True
---                   -->	    ------
	+ Total Draws        -->	         7
	+ Total Games Played -->	         7
	+ Victories          -->	         0
	+ Defeats            -->	         0
	+ Draws              -->	         1
	+ Tournament Victories-->	         0
----------            -->	------------
Tournament Winner     -->	          
-----------           -->	    ------
Tournaments Winners   -->	       ---
--------------------------------------------------------------
2022-09-05 20:37:33.912 | INFO | Create board for game: 2 of tournament: 4
· | · | ·
· | · | ·
· | · | ·
2022-09-05 20:37:33.912 | INFO | Create actor of type: ActorType.CELL
2022-09-05 20:37:33.912 | INFO | Create actor of type: ActorType.CELL
2022-09-05 20:37:33.912 | INFO | Create actor of type: ActorType.CELL
2022-09-05 20:37:33.912 | INFO | Create actor of type: ActorType.CELL
2022-09-05 20:37:33.912 | INFO | Create actor of type: ActorType.CELL
2022-09-05 20:37:33.912 | INFO | Create actor of type: ActorType.CELL
2022-09-05 20:37:33.912 | INFO | Create actor of type: ActorType.CELL
2022-09-05 20:37:33.912 | INFO | Create actor of type: ActorType.CELL
2022-09-05 20:37:33.912 | INFO | Create actor of type: ActorType.CELL
2022-09-05 20:37:33.912 | INFO | Waiting input from player: X
2022-09-05 20:37:33.912 | INFO | Create actor of type: ActorType.CLOCK_TIMER_A
2022-09-05 20:37:33.912 | INFO | Player X sets token in pos: x: 2, y: 2
2022-09-05 20:37:33.913 | INFO | Board:
· | · | ·
· | · | ·
· | · | X
2022-09-05 20:37:33.913 | INFO | Waiting input from player: O
2022-09-05 20:37:34.255 | INFO | Player O sets token in pos: x: 1, y: 1
2022-09-05 20:37:34.256 | INFO | Board:
· | · | ·
· | O | ·
· | · | X
2022-09-05 20:37:34.256 | INFO | Waiting input from player: X
2022-09-05 20:37:34.298 | INFO | Player X sets token in pos: x: 0, y: 0
2022-09-05 20:37:34.299 | INFO | Board:
X | · | ·
· | O | ·
· | · | X
2022-09-05 20:37:34.299 | INFO | Waiting input from player: O
2022-09-05 20:37:34.306 | INFO | Player O sets token in pos: x: 0, y: 1
2022-09-05 20:37:34.306 | INFO | Board:
X | O | ·
· | O | ·
· | · | X
2022-09-05 20:37:34.306 | INFO | Waiting input from player: X
2022-09-05 20:37:34.318 | INFO | Player X sets token in pos: x: 2, y: 1
2022-09-05 20:37:34.319 | INFO | Board:
X | O | ·
· | O | ·
· | X | X
2022-09-05 20:37:34.319 | INFO | Waiting input from player: O
2022-09-05 20:37:34.334 | INFO | Player O sets token in pos: x: 2, y: 0
2022-09-05 20:37:34.335 | INFO | Board:
X | O | ·
· | O | ·
O | X | X
2022-09-05 20:37:34.335 | INFO | Waiting input from player: X
2022-09-05 20:37:34.350 | INFO | Player X sets token in pos: x: 0, y: 2
2022-09-05 20:37:34.352 | INFO | Board:
X | O | X
· | O | ·
O | X | X
2022-09-05 20:37:34.352 | INFO | Waiting input from player: O
2022-09-05 20:37:34.367 | INFO | Player O sets token in pos: x: 1, y: 2
2022-09-05 20:37:34.369 | INFO | Board:
X | O | X
· | O | O
O | X | X
2022-09-05 20:37:34.369 | INFO | Waiting input from player: X
2022-09-05 20:37:34.383 | INFO | Player X sets token in pos: x: 1, y: 0
2022-09-05 20:37:34.384 | INFO | It's a draw
2022-09-05 20:37:34.385 | INFO | Board:
X | O | X
X | O | O
O | X | X
2022-09-05 20:37:34.385 | INFO | Current game stats:
Time                  -->	2022-09-05 20:37:34.385316
Full screen           -->	     False
------                -->	    ------
Tournaments to play   -->	        10
Games for tournament  -->	         2
Turn max time in secs -->	        15
-------               -->	    ------
Current Tournament    -->	         4
Current Game          -->	         2
--------              -->	------------
Player 1 Game stats for current tournament-->	          
	* Token              -->	         X
	* Computer Controlled-->	      True
----                  -->	    ------
	* Total Draws        -->	         8
	* Total Games Played -->	         8
	* Victories          -->	         0
	* Defeats            -->	         0
	* Draws              -->	         2
	* Tournament Victories-->	         0
---------             -->	------------
Player 2 Game stats for current tournament-->	          
	+ Token              -->	         O
	+ Computer Controlled-->	      True
---                   -->	    ------
	+ Total Draws        -->	         8
	+ Total Games Played -->	         8
	+ Victories          -->	         0
	+ Defeats            -->	         0
	+ Draws              -->	         2
	+ Tournament Victories-->	         0
----------            -->	------------
Tournament Winner     -->	         -
-----------           -->	    ------
Tournaments Winners   -->	      ----
--------------------------------------------------------------
2022-09-05 20:37:34.408 | INFO | Create board for game: 1 of tournament: 5
· | · | ·
· | · | ·
· | · | ·
2022-09-05 20:37:34.408 | INFO | Create actor of type: ActorType.CELL
2022-09-05 20:37:34.408 | INFO | Create actor of type: ActorType.CELL
2022-09-05 20:37:34.408 | INFO | Create actor of type: ActorType.CELL
2022-09-05 20:37:34.408 | INFO | Create actor of type: ActorType.CELL
2022-09-05 20:37:34.408 | INFO | Create actor of type: ActorType.CELL
2022-09-05 20:37:34.408 | INFO | Create actor of type: ActorType.CELL
2022-09-05 20:37:34.408 | INFO | Create actor of type: ActorType.CELL
2022-09-05 20:37:34.408 | INFO | Create actor of type: ActorType.CELL
2022-09-05 20:37:34.408 | INFO | Create actor of type: ActorType.CELL
2022-09-05 20:37:34.408 | INFO | Waiting input from player: X
2022-09-05 20:37:34.408 | INFO | Create actor of type: ActorType.CLOCK_TIMER_A
2022-09-05 20:37:34.408 | INFO | Player X sets token in pos: x: 0, y: 2
2022-09-05 20:37:34.409 | INFO | Board:
· | · | X
· | · | ·
· | · | ·
2022-09-05 20:37:34.409 | INFO | Waiting input from player: O
2022-09-05 20:37:34.743 | INFO | Player O sets token in pos: x: 1, y: 1
2022-09-05 20:37:34.743 | INFO | Board:
· | · | X
· | O | ·
· | · | ·
2022-09-05 20:37:34.743 | INFO | Waiting input from player: X
2022-09-05 20:37:34.784 | INFO | Player X sets token in pos: x: 0, y: 0
2022-09-05 20:37:34.785 | INFO | Board:
X | · | X
· | O | ·
· | · | ·
2022-09-05 20:37:34.785 | INFO | Waiting input from player: O
2022-09-05 20:37:34.791 | INFO | Player O sets token in pos: x: 0, y: 1
2022-09-05 20:37:34.791 | INFO | Board:
X | O | X
· | O | ·
· | · | ·
2022-09-05 20:37:34.791 | INFO | Waiting input from player: X
2022-09-05 20:37:34.804 | INFO | Player X sets token in pos: x: 2, y: 1
2022-09-05 20:37:34.805 | INFO | Board:
X | O | X
· | O | ·
· | X | ·
2022-09-05 20:37:34.805 | INFO | Waiting input from player: O
2022-09-05 20:37:34.819 | INFO | Player O sets token in pos: x: 1, y: 0
2022-09-05 20:37:34.820 | INFO | Board:
X | O | X
O | O | ·
· | X | ·
2022-09-05 20:37:34.820 | INFO | Waiting input from player: X
2022-09-05 20:37:34.836 | INFO | Player X sets token in pos: x: 1, y: 2
2022-09-05 20:37:34.837 | INFO | Board:
X | O | X
O | O | X
· | X | ·
2022-09-05 20:37:34.837 | INFO | Waiting input from player: O
2022-09-05 20:37:34.852 | INFO | Player O sets token in pos: x: 2, y: 2
2022-09-05 20:37:34.853 | INFO | Board:
X | O | X
O | O | X
· | X | O
2022-09-05 20:37:34.853 | INFO | Waiting input from player: X
2022-09-05 20:37:34.869 | INFO | Player X sets token in pos: x: 2, y: 0
2022-09-05 20:37:34.870 | INFO | It's a draw
2022-09-05 20:37:34.870 | INFO | Board:
X | O | X
O | O | X
X | X | O
2022-09-05 20:37:34.870 | INFO | Current game stats:
Time                  -->	2022-09-05 20:37:34.870115
Full screen           -->	     False
------                -->	    ------
Tournaments to play   -->	        10
Games for tournament  -->	         2
Turn max time in secs -->	        15
-------               -->	    ------
Current Tournament    -->	         5
Current Game          -->	         1
--------              -->	------------
Player 1 Game stats for current tournament-->	          
	* Token              -->	         X
	* Computer Controlled-->	      True
----                  -->	    ------
	* Total Draws        -->	         9
	* Total Games Played -->	         9
	* Victories          -->	         0
	* Defeats            -->	         0
	* Draws              -->	         1
	* Tournament Victories-->	         0
---------             -->	------------
Player 2 Game stats for current tournament-->	          
	+ Token              -->	         O
	+ Computer Controlled-->	      True
---                   -->	    ------
	+ Total Draws        -->	         9
	+ Total Games Played -->	         9
	+ Victories          -->	         0
	+ Defeats            -->	         0
	+ Draws              -->	         1
	+ Tournament Victories-->	         0
----------            -->	------------
Tournament Winner     -->	          
-----------           -->	    ------
Tournaments Winners   -->	      ----
--------------------------------------------------------------
2022-09-05 20:37:34.893 | INFO | Create board for game: 2 of tournament: 5
· | · | ·
· | · | ·
· | · | ·
2022-09-05 20:37:34.893 | INFO | Create actor of type: ActorType.CELL
2022-09-05 20:37:34.893 | INFO | Create actor of type: ActorType.CELL
2022-09-05 20:37:34.893 | INFO | Create actor of type: ActorType.CELL
2022-09-05 20:37:34.893 | INFO | Create actor of type: ActorType.CELL
2022-09-05 20:37:34.893 | INFO | Create actor of type: ActorType.CELL
2022-09-05 20:37:34.893 | INFO | Create actor of type: ActorType.CELL
2022-09-05 20:37:34.893 | INFO | Create actor of type: ActorType.CELL
2022-09-05 20:37:34.893 | INFO | Create actor of type: ActorType.CELL
2022-09-05 20:37:34.893 | INFO | Create actor of type: ActorType.CELL
2022-09-05 20:37:34.893 | INFO | Waiting input from player: X
2022-09-05 20:37:34.893 | INFO | Create actor of type: ActorType.CLOCK_TIMER_A
2022-09-05 20:37:34.893 | INFO | Player X sets token in pos: x: 1, y: 0
2022-09-05 20:37:34.894 | INFO | Board:
· | · | ·
X | · | ·
· | · | ·
2022-09-05 20:37:34.894 | INFO | Waiting input from player: O
2022-09-05 20:37:35.254 | INFO | Player O sets token in pos: x: 0, y: 0
2022-09-05 20:37:35.255 | INFO | Board:
O | · | ·
X | · | ·
· | · | ·
2022-09-05 20:37:35.255 | INFO | Waiting input from player: X
2022-09-05 20:37:35.303 | INFO | Player X sets token in pos: x: 0, y: 1
2022-09-05 20:37:35.303 | INFO | Board:
O | X | ·
X | · | ·
· | · | ·
2022-09-05 20:37:35.303 | INFO | Waiting input from player: O
2022-09-05 20:37:35.312 | INFO | Player O sets token in pos: x: 1, y: 1
2022-09-05 20:37:35.313 | INFO | Board:
O | X | ·
X | O | ·
· | · | ·
2022-09-05 20:37:35.313 | INFO | Waiting input from player: X
2022-09-05 20:37:35.322 | INFO | Player X sets token in pos: x: 2, y: 2
2022-09-05 20:37:35.323 | INFO | Board:
O | X | ·
X | O | ·
· | · | X
2022-09-05 20:37:35.323 | INFO | Waiting input from player: O
2022-09-05 20:37:35.340 | INFO | Player O sets token in pos: x: 0, y: 2
2022-09-05 20:37:35.340 | INFO | Board:
O | X | O
X | O | ·
· | · | X
2022-09-05 20:37:35.340 | INFO | Waiting input from player: X
2022-09-05 20:37:35.356 | INFO | Player X sets token in pos: x: 2, y: 0
2022-09-05 20:37:35.358 | INFO | Board:
O | X | O
X | O | ·
X | · | X
2022-09-05 20:37:35.358 | INFO | Waiting input from player: O
2022-09-05 20:37:35.373 | INFO | Player O sets token in pos: x: 2, y: 1
2022-09-05 20:37:35.374 | INFO | Board:
O | X | O
X | O | ·
X | O | X
2022-09-05 20:37:35.375 | INFO | Waiting input from player: X
2022-09-05 20:37:35.389 | INFO | Player X sets token in pos: x: 1, y: 2
2022-09-05 20:37:35.390 | INFO | It's a draw
2022-09-05 20:37:35.390 | INFO | Board:
O | X | O
X | O | X
X | O | X
2022-09-05 20:37:35.390 | INFO | Current game stats:
Time                  -->	2022-09-05 20:37:35.390119
Full screen           -->	     False
------                -->	    ------
Tournaments to play   -->	        10
Games for tournament  -->	         2
Turn max time in secs -->	        15
-------               -->	    ------
Current Tournament    -->	         5
Current Game          -->	         2
--------              -->	------------
Player 1 Game stats for current tournament-->	          
	* Token              -->	         X
	* Computer Controlled-->	      True
----                  -->	    ------
	* Total Draws        -->	        10
	* Total Games Played -->	        10
	* Victories          -->	         0
	* Defeats            -->	         0
	* Draws              -->	         2
	* Tournament Victories-->	         0
---------             -->	------------
Player 2 Game stats for current tournament-->	          
	+ Token              -->	         O
	+ Computer Controlled-->	      True
---                   -->	    ------
	+ Total Draws        -->	        10
	+ Total Games Played -->	        10
	+ Victories          -->	         0
	+ Defeats            -->	         0
	+ Draws              -->	         2
	+ Tournament Victories-->	         0
----------            -->	------------
Tournament Winner     -->	         -
-----------           -->	    ------
Tournaments Winners   -->	     -----
--------------------------------------------------------------
2022-09-05 20:37:35.411 | INFO | Create board for game: 1 of tournament: 6
· | · | ·
· | · | ·
· | · | ·
2022-09-05 20:37:35.411 | INFO | Create actor of type: ActorType.CELL
2022-09-05 20:37:35.412 | INFO | Create actor of type: ActorType.CELL
2022-09-05 20:37:35.412 | INFO | Create actor of type: ActorType.CELL
2022-09-05 20:37:35.412 | INFO | Create actor of type: ActorType.CELL
2022-09-05 20:37:35.412 | INFO | Create actor of type: ActorType.CELL
2022-09-05 20:37:35.412 | INFO | Create actor of type: ActorType.CELL
2022-09-05 20:37:35.412 | INFO | Create actor of type: ActorType.CELL
2022-09-05 20:37:35.412 | INFO | Create actor of type: ActorType.CELL
2022-09-05 20:37:35.412 | INFO | Create actor of type: ActorType.CELL
2022-09-05 20:37:35.412 | INFO | Waiting input from player: X
2022-09-05 20:37:35.412 | INFO | Create actor of type: ActorType.CLOCK_TIMER_A
2022-09-05 20:37:35.412 | INFO | Player X sets token in pos: x: 1, y: 2
2022-09-05 20:37:35.412 | INFO | Board:
· | · | ·
· | · | X
· | · | ·
2022-09-05 20:37:35.413 | INFO | Waiting input from player: O
2022-09-05 20:37:35.780 | INFO | Player O sets token in pos: x: 0, y: 2
2022-09-05 20:37:35.780 | INFO | Board:
· | · | O
· | · | X
· | · | ·
2022-09-05 20:37:35.781 | INFO | Waiting input from player: X
2022-09-05 20:37:35.831 | INFO | Player X sets token in pos: x: 0, y: 0
2022-09-05 20:37:35.832 | INFO | Board:
X | · | O
· | · | X
· | · | ·
2022-09-05 20:37:35.832 | INFO | Waiting input from player: O
2022-09-05 20:37:35.841 | INFO | Player O sets token in pos: x: 1, y: 0
2022-09-05 20:37:35.842 | INFO | Board:
X | · | O
O | · | X
· | · | ·
2022-09-05 20:37:35.842 | INFO | Waiting input from player: X
2022-09-05 20:37:35.851 | INFO | Player X sets token in pos: x: 0, y: 1
2022-09-05 20:37:35.852 | INFO | Board:
X | X | O
O | · | X
· | · | ·
2022-09-05 20:37:35.852 | INFO | Waiting input from player: O
2022-09-05 20:37:35.867 | INFO | Player O sets token in pos: x: 1, y: 1
2022-09-05 20:37:35.867 | INFO | Board:
X | X | O
O | O | X
· | · | ·
2022-09-05 20:37:35.867 | INFO | Waiting input from player: X
2022-09-05 20:37:35.882 | INFO | Player X sets token in pos: x: 2, y: 0
2022-09-05 20:37:35.883 | INFO | Board:
X | X | O
O | O | X
X | · | ·
2022-09-05 20:37:35.883 | INFO | Waiting input from player: O
2022-09-05 20:37:35.899 | INFO | Player O sets token in pos: x: 2, y: 1
2022-09-05 20:37:35.901 | INFO | Board:
X | X | O
O | O | X
X | O | ·
2022-09-05 20:37:35.901 | INFO | Waiting input from player: X
2022-09-05 20:37:35.915 | INFO | Player X sets token in pos: x: 2, y: 2
2022-09-05 20:37:35.917 | INFO | It's a draw
2022-09-05 20:37:35.917 | INFO | Board:
X | X | O
O | O | X
X | O | X
2022-09-05 20:37:35.917 | INFO | Current game stats:
Time                  -->	2022-09-05 20:37:35.917180
Full screen           -->	     False
------                -->	    ------
Tournaments to play   -->	        10
Games for tournament  -->	         2
Turn max time in secs -->	        15
-------               -->	    ------
Current Tournament    -->	         6
Current Game          -->	         1
--------              -->	------------
Player 1 Game stats for current tournament-->	          
	* Token              -->	         X
	* Computer Controlled-->	      True
----                  -->	    ------
	* Total Draws        -->	        11
	* Total Games Played -->	        11
	* Victories          -->	         0
	* Defeats            -->	         0
	* Draws              -->	         1
	* Tournament Victories-->	         0
---------             -->	------------
Player 2 Game stats for current tournament-->	          
	+ Token              -->	         O
	+ Computer Controlled-->	      True
---                   -->	    ------
	+ Total Draws        -->	        11
	+ Total Games Played -->	        11
	+ Victories          -->	         0
	+ Defeats            -->	         0
	+ Draws              -->	         1
	+ Tournament Victories-->	         0
----------            -->	------------
Tournament Winner     -->	          
-----------           -->	    ------
Tournaments Winners   -->	     -----
--------------------------------------------------------------
2022-09-05 20:37:35.940 | INFO | Create board for game: 2 of tournament: 6
· | · | ·
· | · | ·
· | · | ·
2022-09-05 20:37:35.940 | INFO | Create actor of type: ActorType.CELL
2022-09-05 20:37:35.941 | INFO | Create actor of type: ActorType.CELL
2022-09-05 20:37:35.941 | INFO | Create actor of type: ActorType.CELL
2022-09-05 20:37:35.941 | INFO | Create actor of type: ActorType.CELL
2022-09-05 20:37:35.941 | INFO | Create actor of type: ActorType.CELL
2022-09-05 20:37:35.941 | INFO | Create actor of type: ActorType.CELL
2022-09-05 20:37:35.941 | INFO | Create actor of type: ActorType.CELL
2022-09-05 20:37:35.941 | INFO | Create actor of type: ActorType.CELL
2022-09-05 20:37:35.941 | INFO | Create actor of type: ActorType.CELL
2022-09-05 20:37:35.941 | INFO | Waiting input from player: X
2022-09-05 20:37:35.941 | INFO | Create actor of type: ActorType.CLOCK_TIMER_A
2022-09-05 20:37:35.941 | INFO | Player X sets token in pos: x: 1, y: 2
2022-09-05 20:37:35.941 | INFO | Board:
· | · | ·
· | · | X
· | · | ·
2022-09-05 20:37:35.942 | INFO | Waiting input from player: O
2022-09-05 20:37:36.314 | INFO | Player O sets token in pos: x: 0, y: 2
2022-09-05 20:37:36.315 | INFO | Board:
· | · | O
· | · | X
· | · | ·
2022-09-05 20:37:36.315 | INFO | Waiting input from player: X
2022-09-05 20:37:36.364 | INFO | Player X sets token in pos: x: 0, y: 0
2022-09-05 20:37:36.364 | INFO | Board:
X | · | O
· | · | X
· | · | ·
2022-09-05 20:37:36.364 | INFO | Waiting input from player: O
2022-09-05 20:37:36.373 | INFO | Player O sets token in pos: x: 1, y: 0
2022-09-05 20:37:36.373 | INFO | Board:
X | · | O
O | · | X
· | · | ·
2022-09-05 20:37:36.374 | INFO | Waiting input from player: X
2022-09-05 20:37:36.384 | INFO | Player X sets token in pos: x: 0, y: 1
2022-09-05 20:37:36.384 | INFO | Board:
X | X | O
O | · | X
· | · | ·
2022-09-05 20:37:36.384 | INFO | Waiting input from player: O
2022-09-05 20:37:36.398 | INFO | Player O sets token in pos: x: 1, y: 1
2022-09-05 20:37:36.399 | INFO | Board:
X | X | O
O | O | X
· | · | ·
2022-09-05 20:37:36.399 | INFO | Waiting input from player: X
2022-09-05 20:37:36.416 | INFO | Player X sets token in pos: x: 2, y: 0
2022-09-05 20:37:36.417 | INFO | Board:
X | X | O
O | O | X
X | · | ·
2022-09-05 20:37:36.417 | INFO | Waiting input from player: O
2022-09-05 20:37:36.433 | INFO | Player O sets token in pos: x: 2, y: 1
2022-09-05 20:37:36.435 | INFO | Board:
X | X | O
O | O | X
X | O | ·
2022-09-05 20:37:36.435 | INFO | Waiting input from player: X
2022-09-05 20:37:36.450 | INFO | Player X sets token in pos: x: 2, y: 2
2022-09-05 20:37:36.451 | INFO | It's a draw
2022-09-05 20:37:36.451 | INFO | Board:
X | X | O
O | O | X
X | O | X
2022-09-05 20:37:36.451 | INFO | Current game stats:
Time                  -->	2022-09-05 20:37:36.451194
Full screen           -->	     False
------                -->	    ------
Tournaments to play   -->	        10
Games for tournament  -->	         2
Turn max time in secs -->	        15
-------               -->	    ------
Current Tournament    -->	         6
Current Game          -->	         2
--------              -->	------------
Player 1 Game stats for current tournament-->	          
	* Token              -->	         X
	* Computer Controlled-->	      True
----                  -->	    ------
	* Total Draws        -->	        12
	* Total Games Played -->	        12
	* Victories          -->	         0
	* Defeats            -->	         0
	* Draws              -->	         2
	* Tournament Victories-->	         0
---------             -->	------------
Player 2 Game stats for current tournament-->	          
	+ Token              -->	         O
	+ Computer Controlled-->	      True
---                   -->	    ------
	+ Total Draws        -->	        12
	+ Total Games Played -->	        12
	+ Victories          -->	         0
	+ Defeats            -->	         0
	+ Draws              -->	         2
	+ Tournament Victories-->	         0
----------            -->	------------
Tournament Winner     -->	         -
-----------           -->	    ------
Tournaments Winners   -->	    ------
--------------------------------------------------------------
2022-09-05 20:37:36.473 | INFO | Create board for game: 1 of tournament: 7
· | · | ·
· | · | ·
· | · | ·
2022-09-05 20:37:36.473 | INFO | Create actor of type: ActorType.CELL
2022-09-05 20:37:36.474 | INFO | Create actor of type: ActorType.CELL
2022-09-05 20:37:36.474 | INFO | Create actor of type: ActorType.CELL
2022-09-05 20:37:36.474 | INFO | Create actor of type: ActorType.CELL
2022-09-05 20:37:36.474 | INFO | Create actor of type: ActorType.CELL
2022-09-05 20:37:36.474 | INFO | Create actor of type: ActorType.CELL
2022-09-05 20:37:36.474 | INFO | Create actor of type: ActorType.CELL
2022-09-05 20:37:36.474 | INFO | Create actor of type: ActorType.CELL
2022-09-05 20:37:36.474 | INFO | Create actor of type: ActorType.CELL
2022-09-05 20:37:36.474 | INFO | Waiting input from player: X
2022-09-05 20:37:36.474 | INFO | Create actor of type: ActorType.CLOCK_TIMER_A
2022-09-05 20:37:36.474 | INFO | Player X sets token in pos: x: 0, y: 2
2022-09-05 20:37:36.474 | INFO | Board:
· | · | X
· | · | ·
· | · | ·
2022-09-05 20:37:36.475 | INFO | Waiting input from player: O
2022-09-05 20:37:36.820 | INFO | Player O sets token in pos: x: 1, y: 1
2022-09-05 20:37:36.821 | INFO | Board:
· | · | X
· | O | ·
· | · | ·
2022-09-05 20:37:36.821 | INFO | Waiting input from player: X
2022-09-05 20:37:36.865 | INFO | Player X sets token in pos: x: 0, y: 0
2022-09-05 20:37:36.865 | INFO | Board:
X | · | X
· | O | ·
· | · | ·
2022-09-05 20:37:36.865 | INFO | Waiting input from player: O
2022-09-05 20:37:36.871 | INFO | Player O sets token in pos: x: 0, y: 1
2022-09-05 20:37:36.872 | INFO | Board:
X | O | X
· | O | ·
· | · | ·
2022-09-05 20:37:36.872 | INFO | Waiting input from player: X
2022-09-05 20:37:36.883 | INFO | Player X sets token in pos: x: 2, y: 1
2022-09-05 20:37:36.884 | INFO | Board:
X | O | X
· | O | ·
· | X | ·
2022-09-05 20:37:36.884 | INFO | Waiting input from player: O
2022-09-05 20:37:36.898 | INFO | Player O sets token in pos: x: 1, y: 0
2022-09-05 20:37:36.899 | INFO | Board:
X | O | X
O | O | ·
· | X | ·
2022-09-05 20:37:36.899 | INFO | Waiting input from player: X
2022-09-05 20:37:36.915 | INFO | Player X sets token in pos: x: 1, y: 2
2022-09-05 20:37:36.917 | INFO | Board:
X | O | X
O | O | X
· | X | ·
2022-09-05 20:37:36.917 | INFO | Waiting input from player: O
2022-09-05 20:37:36.932 | INFO | Player O sets token in pos: x: 2, y: 2
2022-09-05 20:37:36.934 | INFO | Board:
X | O | X
O | O | X
· | X | O
2022-09-05 20:37:36.934 | INFO | Waiting input from player: X
2022-09-05 20:37:36.949 | INFO | Player X sets token in pos: x: 2, y: 0
2022-09-05 20:37:36.951 | INFO | It's a draw
2022-09-05 20:37:36.951 | INFO | Board:
X | O | X
O | O | X
X | X | O
2022-09-05 20:37:36.951 | INFO | Current game stats:
Time                  -->	2022-09-05 20:37:36.951351
Full screen           -->	     False
------                -->	    ------
Tournaments to play   -->	        10
Games for tournament  -->	         2
Turn max time in secs -->	        15
-------               -->	    ------
Current Tournament    -->	         7
Current Game          -->	         1
--------              -->	------------
Player 1 Game stats for current tournament-->	          
	* Token              -->	         X
	* Computer Controlled-->	      True
----                  -->	    ------
	* Total Draws        -->	        13
	* Total Games Played -->	        13
	* Victories          -->	         0
	* Defeats            -->	         0
	* Draws              -->	         1
	* Tournament Victories-->	         0
---------             -->	------------
Player 2 Game stats for current tournament-->	          
	+ Token              -->	         O
	+ Computer Controlled-->	      True
---                   -->	    ------
	+ Total Draws        -->	        13
	+ Total Games Played -->	        13
	+ Victories          -->	         0
	+ Defeats            -->	         0
	+ Draws              -->	         1
	+ Tournament Victories-->	         0
----------            -->	------------
Tournament Winner     -->	          
-----------           -->	    ------
Tournaments Winners   -->	    ------
--------------------------------------------------------------
2022-09-05 20:37:36.974 | INFO | Create board for game: 2 of tournament: 7
· | · | ·
· | · | ·
· | · | ·
2022-09-05 20:37:36.975 | INFO | Create actor of type: ActorType.CELL
2022-09-05 20:37:36.975 | INFO | Create actor of type: ActorType.CELL
2022-09-05 20:37:36.975 | INFO | Create actor of type: ActorType.CELL
2022-09-05 20:37:36.975 | INFO | Create actor of type: ActorType.CELL
2022-09-05 20:37:36.975 | INFO | Create actor of type: ActorType.CELL
2022-09-05 20:37:36.975 | INFO | Create actor of type: ActorType.CELL
2022-09-05 20:37:36.975 | INFO | Create actor of type: ActorType.CELL
2022-09-05 20:37:36.975 | INFO | Create actor of type: ActorType.CELL
2022-09-05 20:37:36.975 | INFO | Create actor of type: ActorType.CELL
2022-09-05 20:37:36.975 | INFO | Waiting input from player: X
2022-09-05 20:37:36.975 | INFO | Create actor of type: ActorType.CLOCK_TIMER_A
2022-09-05 20:37:36.975 | INFO | Player X sets token in pos: x: 2, y: 2
2022-09-05 20:37:36.975 | INFO | Board:
· | · | ·
· | · | ·
· | · | X
2022-09-05 20:37:36.976 | INFO | Waiting input from player: O
2022-09-05 20:37:37.314 | INFO | Player O sets token in pos: x: 1, y: 1
2022-09-05 20:37:37.315 | INFO | Board:
· | · | ·
· | O | ·
· | · | X
2022-09-05 20:37:37.315 | INFO | Waiting input from player: X
2022-09-05 20:37:37.355 | INFO | Player X sets token in pos: x: 0, y: 0
2022-09-05 20:37:37.356 | INFO | Board:
X | · | ·
· | O | ·
· | · | X
2022-09-05 20:37:37.356 | INFO | Waiting input from player: O
2022-09-05 20:37:37.362 | INFO | Player O sets token in pos: x: 0, y: 1
2022-09-05 20:37:37.363 | INFO | Board:
X | O | ·
· | O | ·
· | · | X
2022-09-05 20:37:37.363 | INFO | Waiting input from player: X
2022-09-05 20:37:37.375 | INFO | Player X sets token in pos: x: 2, y: 1
2022-09-05 20:37:37.376 | INFO | Board:
X | O | ·
· | O | ·
· | X | X
2022-09-05 20:37:37.376 | INFO | Waiting input from player: O
2022-09-05 20:37:37.391 | INFO | Player O sets token in pos: x: 2, y: 0
2022-09-05 20:37:37.392 | INFO | Board:
X | O | ·
· | O | ·
O | X | X
2022-09-05 20:37:37.392 | INFO | Waiting input from player: X
2022-09-05 20:37:37.407 | INFO | Player X sets token in pos: x: 0, y: 2
2022-09-05 20:37:37.408 | INFO | Board:
X | O | X
· | O | ·
O | X | X
2022-09-05 20:37:37.408 | INFO | Waiting input from player: O
2022-09-05 20:37:37.424 | INFO | Player O sets token in pos: x: 1, y: 2
2022-09-05 20:37:37.425 | INFO | Board:
X | O | X
· | O | O
O | X | X
2022-09-05 20:37:37.425 | INFO | Waiting input from player: X
2022-09-05 20:37:37.440 | INFO | Player X sets token in pos: x: 1, y: 0
2022-09-05 20:37:37.441 | INFO | It's a draw
2022-09-05 20:37:37.442 | INFO | Board:
X | O | X
X | O | O
O | X | X
2022-09-05 20:37:37.442 | INFO | Current game stats:
Time                  -->	2022-09-05 20:37:37.442858
Full screen           -->	     False
------                -->	    ------
Tournaments to play   -->	        10
Games for tournament  -->	         2
Turn max time in secs -->	        15
-------               -->	    ------
Current Tournament    -->	         7
Current Game          -->	         2
--------              -->	------------
Player 1 Game stats for current tournament-->	          
	* Token              -->	         X
	* Computer Controlled-->	      True
----                  -->	    ------
	* Total Draws        -->	        14
	* Total Games Played -->	        14
	* Victories          -->	         0
	* Defeats            -->	         0
	* Draws              -->	         2
	* Tournament Victories-->	         0
---------             -->	------------
Player 2 Game stats for current tournament-->	          
	+ Token              -->	         O
	+ Computer Controlled-->	      True
---                   -->	    ------
	+ Total Draws        -->	        14
	+ Total Games Played -->	        14
	+ Victories          -->	         0
	+ Defeats            -->	         0
	+ Draws              -->	         2
	+ Tournament Victories-->	         0
----------            -->	------------
Tournament Winner     -->	         -
-----------           -->	    ------
Tournaments Winners   -->	   -------
--------------------------------------------------------------
2022-09-05 20:37:37.464 | INFO | Create board for game: 1 of tournament: 8
· | · | ·
· | · | ·
· | · | ·
2022-09-05 20:37:37.464 | INFO | Create actor of type: ActorType.CELL
2022-09-05 20:37:37.464 | INFO | Create actor of type: ActorType.CELL
2022-09-05 20:37:37.464 | INFO | Create actor of type: ActorType.CELL
2022-09-05 20:37:37.464 | INFO | Create actor of type: ActorType.CELL
2022-09-05 20:37:37.464 | INFO | Create actor of type: ActorType.CELL
2022-09-05 20:37:37.464 | INFO | Create actor of type: ActorType.CELL
2022-09-05 20:37:37.464 | INFO | Create actor of type: ActorType.CELL
2022-09-05 20:37:37.464 | INFO | Create actor of type: ActorType.CELL
2022-09-05 20:37:37.464 | INFO | Create actor of type: ActorType.CELL
2022-09-05 20:37:37.464 | INFO | Waiting input from player: X
2022-09-05 20:37:37.464 | INFO | Create actor of type: ActorType.CLOCK_TIMER_A
2022-09-05 20:37:37.464 | INFO | Player X sets token in pos: x: 0, y: 0
2022-09-05 20:37:37.465 | INFO | Board:
X | · | ·
· | · | ·
· | · | ·
2022-09-05 20:37:37.465 | INFO | Waiting input from player: O
2022-09-05 20:37:37.805 | INFO | Player O sets token in pos: x: 1, y: 1
2022-09-05 20:37:37.806 | INFO | Board:
X | · | ·
· | O | ·
· | · | ·
2022-09-05 20:37:37.806 | INFO | Waiting input from player: X
2022-09-05 20:37:37.846 | INFO | Player X sets token in pos: x: 0, y: 1
2022-09-05 20:37:37.847 | INFO | Board:
X | X | ·
· | O | ·
· | · | ·
2022-09-05 20:37:37.847 | INFO | Waiting input from player: O
2022-09-05 20:37:37.853 | INFO | Player O sets token in pos: x: 0, y: 2
2022-09-05 20:37:37.853 | INFO | Board:
X | X | O
· | O | ·
· | · | ·
2022-09-05 20:37:37.853 | INFO | Waiting input from player: X
2022-09-05 20:37:37.866 | INFO | Player X sets token in pos: x: 2, y: 0
2022-09-05 20:37:37.867 | INFO | Board:
X | X | O
· | O | ·
X | · | ·
2022-09-05 20:37:37.867 | INFO | Waiting input from player: O
2022-09-05 20:37:37.882 | INFO | Player O sets token in pos: x: 1, y: 0
2022-09-05 20:37:37.883 | INFO | Board:
X | X | O
O | O | ·
X | · | ·
2022-09-05 20:37:37.883 | INFO | Waiting input from player: X
2022-09-05 20:37:37.898 | INFO | Player X sets token in pos: x: 1, y: 2
2022-09-05 20:37:37.899 | INFO | Board:
X | X | O
O | O | X
X | · | ·
2022-09-05 20:37:37.899 | INFO | Waiting input from player: O
2022-09-05 20:37:37.917 | INFO | Player O sets token in pos: x: 2, y: 1
2022-09-05 20:37:37.919 | INFO | Board:
X | X | O
O | O | X
X | O | ·
2022-09-05 20:37:37.919 | INFO | Waiting input from player: X
2022-09-05 20:37:37.933 | INFO | Player X sets token in pos: x: 2, y: 2
2022-09-05 20:37:37.935 | INFO | It's a draw
2022-09-05 20:37:37.935 | INFO | Board:
X | X | O
O | O | X
X | O | X
2022-09-05 20:37:37.935 | INFO | Current game stats:
Time                  -->	2022-09-05 20:37:37.935256
Full screen           -->	     False
------                -->	    ------
Tournaments to play   -->	        10
Games for tournament  -->	         2
Turn max time in secs -->	        15
-------               -->	    ------
Current Tournament    -->	         8
Current Game          -->	         1
--------              -->	------------
Player 1 Game stats for current tournament-->	          
	* Token              -->	         X
	* Computer Controlled-->	      True
----                  -->	    ------
	* Total Draws        -->	        15
	* Total Games Played -->	        15
	* Victories          -->	         0
	* Defeats            -->	         0
	* Draws              -->	         1
	* Tournament Victories-->	         0
---------             -->	------------
Player 2 Game stats for current tournament-->	          
	+ Token              -->	         O
	+ Computer Controlled-->	      True
---                   -->	    ------
	+ Total Draws        -->	        15
	+ Total Games Played -->	        15
	+ Victories          -->	         0
	+ Defeats            -->	         0
	+ Draws              -->	         1
	+ Tournament Victories-->	         0
----------            -->	------------
Tournament Winner     -->	          
-----------           -->	    ------
Tournaments Winners   -->	   -------
--------------------------------------------------------------
2022-09-05 20:37:37.958 | INFO | Create board for game: 2 of tournament: 8
· | · | ·
· | · | ·
· | · | ·
2022-09-05 20:37:37.958 | INFO | Create actor of type: ActorType.CELL
2022-09-05 20:37:37.958 | INFO | Create actor of type: ActorType.CELL
2022-09-05 20:37:37.958 | INFO | Create actor of type: ActorType.CELL
2022-09-05 20:37:37.958 | INFO | Create actor of type: ActorType.CELL
2022-09-05 20:37:37.958 | INFO | Create actor of type: ActorType.CELL
2022-09-05 20:37:37.958 | INFO | Create actor of type: ActorType.CELL
2022-09-05 20:37:37.958 | INFO | Create actor of type: ActorType.CELL
2022-09-05 20:37:37.958 | INFO | Create actor of type: ActorType.CELL
2022-09-05 20:37:37.958 | INFO | Create actor of type: ActorType.CELL
2022-09-05 20:37:37.958 | INFO | Waiting input from player: X
2022-09-05 20:37:37.958 | INFO | Create actor of type: ActorType.CLOCK_TIMER_A
2022-09-05 20:37:37.958 | INFO | Player X sets token in pos: x: 1, y: 1
2022-09-05 20:37:37.959 | INFO | Board:
· | · | ·
· | X | ·
· | · | ·
2022-09-05 20:37:37.959 | INFO | Waiting input from player: O
2022-09-05 20:37:38.275 | INFO | Player O sets token in pos: x: 0, y: 0
2022-09-05 20:37:38.276 | INFO | Board:
O | · | ·
· | X | ·
· | · | ·
2022-09-05 20:37:38.276 | INFO | Waiting input from player: X
2022-09-05 20:37:38.315 | INFO | Player X sets token in pos: x: 0, y: 1
2022-09-05 20:37:38.315 | INFO | Board:
O | X | ·
· | X | ·
· | · | ·
2022-09-05 20:37:38.315 | INFO | Waiting input from player: O
2022-09-05 20:37:38.322 | INFO | Player O sets token in pos: x: 2, y: 1
2022-09-05 20:37:38.322 | INFO | Board:
O | X | ·
· | X | ·
· | O | ·
2022-09-05 20:37:38.322 | INFO | Waiting input from player: X
2022-09-05 20:37:38.335 | INFO | Player X sets token in pos: x: 1, y: 0
2022-09-05 20:37:38.335 | INFO | Board:
O | X | ·
X | X | ·
· | O | ·
2022-09-05 20:37:38.335 | INFO | Waiting input from player: O
2022-09-05 20:37:38.350 | INFO | Player O sets token in pos: x: 1, y: 2
2022-09-05 20:37:38.351 | INFO | Board:
O | X | ·
X | X | O
· | O | ·
2022-09-05 20:37:38.351 | INFO | Waiting input from player: X
2022-09-05 20:37:38.366 | INFO | Player X sets token in pos: x: 0, y: 2
2022-09-05 20:37:38.367 | INFO | Board:
O | X | X
X | X | O
· | O | ·
2022-09-05 20:37:38.367 | INFO | Waiting input from player: O
2022-09-05 20:37:38.384 | INFO | Player O sets token in pos: x: 2, y: 0
2022-09-05 20:37:38.386 | INFO | Board:
O | X | X
X | X | O
O | O | ·
2022-09-05 20:37:38.386 | INFO | Waiting input from player: X
2022-09-05 20:37:38.400 | INFO | Player X sets token in pos: x: 2, y: 2
2022-09-05 20:37:38.402 | INFO | It's a draw
2022-09-05 20:37:38.402 | INFO | Board:
O | X | X
X | X | O
O | O | X
2022-09-05 20:37:38.402 | INFO | Current game stats:
Time                  -->	2022-09-05 20:37:38.402603
Full screen           -->	     False
------                -->	    ------
Tournaments to play   -->	        10
Games for tournament  -->	         2
Turn max time in secs -->	        15
-------               -->	    ------
Current Tournament    -->	         8
Current Game          -->	         2
--------              -->	------------
Player 1 Game stats for current tournament-->	          
	* Token              -->	         X
	* Computer Controlled-->	      True
----                  -->	    ------
	* Total Draws        -->	        16
	* Total Games Played -->	        16
	* Victories          -->	         0
	* Defeats            -->	         0
	* Draws              -->	         2
	* Tournament Victories-->	         0
---------             -->	------------
Player 2 Game stats for current tournament-->	          
	+ Token              -->	         O
	+ Computer Controlled-->	      True
---                   -->	    ------
	+ Total Draws        -->	        16
	+ Total Games Played -->	        16
	+ Victories          -->	         0
	+ Defeats            -->	         0
	+ Draws              -->	         2
	+ Tournament Victories-->	         0
----------            -->	------------
Tournament Winner     -->	         -
-----------           -->	    ------
Tournaments Winners   -->	  --------
--------------------------------------------------------------
2022-09-05 20:37:38.424 | INFO | Create board for game: 1 of tournament: 9
· | · | ·
· | · | ·
· | · | ·
2022-09-05 20:37:38.424 | INFO | Create actor of type: ActorType.CELL
2022-09-05 20:37:38.424 | INFO | Create actor of type: ActorType.CELL
2022-09-05 20:37:38.424 | INFO | Create actor of type: ActorType.CELL
2022-09-05 20:37:38.424 | INFO | Create actor of type: ActorType.CELL
2022-09-05 20:37:38.424 | INFO | Create actor of type: ActorType.CELL
2022-09-05 20:37:38.424 | INFO | Create actor of type: ActorType.CELL
2022-09-05 20:37:38.424 | INFO | Create actor of type: ActorType.CELL
2022-09-05 20:37:38.424 | INFO | Create actor of type: ActorType.CELL
2022-09-05 20:37:38.424 | INFO | Create actor of type: ActorType.CELL
2022-09-05 20:37:38.424 | INFO | Waiting input from player: X
2022-09-05 20:37:38.424 | INFO | Create actor of type: ActorType.CLOCK_TIMER_A
2022-09-05 20:37:38.424 | INFO | Player X sets token in pos: x: 2, y: 1
2022-09-05 20:37:38.425 | INFO | Board:
· | · | ·
· | · | ·
· | X | ·
2022-09-05 20:37:38.425 | INFO | Waiting input from player: O
2022-09-05 20:37:38.788 | INFO | Player O sets token in pos: x: 0, y: 1
2022-09-05 20:37:38.789 | INFO | Board:
· | O | ·
· | · | ·
· | X | ·
2022-09-05 20:37:38.789 | INFO | Waiting input from player: X
2022-09-05 20:37:38.841 | INFO | Player X sets token in pos: x: 0, y: 0
2022-09-05 20:37:38.841 | INFO | Board:
X | O | ·
· | · | ·
· | X | ·
2022-09-05 20:37:38.841 | INFO | Waiting input from player: O
2022-09-05 20:37:38.851 | INFO | Player O sets token in pos: x: 2, y: 0
2022-09-05 20:37:38.852 | INFO | Board:
X | O | ·
· | · | ·
O | X | ·
2022-09-05 20:37:38.852 | INFO | Waiting input from player: X
2022-09-05 20:37:38.862 | INFO | Player X sets token in pos: x: 0, y: 2
2022-09-05 20:37:38.862 | INFO | Board:
X | O | X
· | · | ·
O | X | ·
2022-09-05 20:37:38.862 | INFO | Waiting input from player: O
2022-09-05 20:37:38.877 | INFO | Player O sets token in pos: x: 1, y: 1
2022-09-05 20:37:38.878 | INFO | Board:
X | O | X
· | O | ·
O | X | ·
2022-09-05 20:37:38.878 | INFO | Waiting input from player: X
2022-09-05 20:37:38.894 | INFO | Player X sets token in pos: x: 1, y: 0
2022-09-05 20:37:38.895 | INFO | Board:
X | O | X
X | O | ·
O | X | ·
2022-09-05 20:37:38.895 | INFO | Waiting input from player: O
2022-09-05 20:37:38.910 | INFO | Player O sets token in pos: x: 1, y: 2
2022-09-05 20:37:38.911 | INFO | Board:
X | O | X
X | O | O
O | X | ·
2022-09-05 20:37:38.911 | INFO | Waiting input from player: X
2022-09-05 20:37:38.926 | INFO | Player X sets token in pos: x: 2, y: 2
2022-09-05 20:37:38.927 | INFO | It's a draw
2022-09-05 20:37:38.927 | INFO | Board:
X | O | X
X | O | O
O | X | X
2022-09-05 20:37:38.927 | INFO | Current game stats:
Time                  -->	2022-09-05 20:37:38.927436
Full screen           -->	     False
------                -->	    ------
Tournaments to play   -->	        10
Games for tournament  -->	         2
Turn max time in secs -->	        15
-------               -->	    ------
Current Tournament    -->	         9
Current Game          -->	         1
--------              -->	------------
Player 1 Game stats for current tournament-->	          
	* Token              -->	         X
	* Computer Controlled-->	      True
----                  -->	    ------
	* Total Draws        -->	        17
	* Total Games Played -->	        17
	* Victories          -->	         0
	* Defeats            -->	         0
	* Draws              -->	         1
	* Tournament Victories-->	         0
---------             -->	------------
Player 2 Game stats for current tournament-->	          
	+ Token              -->	         O
	+ Computer Controlled-->	      True
---                   -->	    ------
	+ Total Draws        -->	        17
	+ Total Games Played -->	        17
	+ Victories          -->	         0
	+ Defeats            -->	         0
	+ Draws              -->	         1
	+ Tournament Victories-->	         0
----------            -->	------------
Tournament Winner     -->	          
-----------           -->	    ------
Tournaments Winners   -->	  --------
--------------------------------------------------------------
2022-09-05 20:37:38.949 | INFO | Create board for game: 2 of tournament: 9
· | · | ·
· | · | ·
· | · | ·
2022-09-05 20:37:38.949 | INFO | Create actor of type: ActorType.CELL
2022-09-05 20:37:38.949 | INFO | Create actor of type: ActorType.CELL
2022-09-05 20:37:38.949 | INFO | Create actor of type: ActorType.CELL
2022-09-05 20:37:38.949 | INFO | Create actor of type: ActorType.CELL
2022-09-05 20:37:38.950 | INFO | Create actor of type: ActorType.CELL
2022-09-05 20:37:38.950 | INFO | Create actor of type: ActorType.CELL
2022-09-05 20:37:38.950 | INFO | Create actor of type: ActorType.CELL
2022-09-05 20:37:38.950 | INFO | Create actor of type: ActorType.CELL
2022-09-05 20:37:38.950 | INFO | Create actor of type: ActorType.CELL
2022-09-05 20:37:38.950 | INFO | Waiting input from player: X
2022-09-05 20:37:38.950 | INFO | Create actor of type: ActorType.CLOCK_TIMER_A
2022-09-05 20:37:38.950 | INFO | Player X sets token in pos: x: 2, y: 1
2022-09-05 20:37:38.950 | INFO | Board:
· | · | ·
· | · | ·
· | X | ·
2022-09-05 20:37:38.950 | INFO | Waiting input from player: O
2022-09-05 20:37:39.324 | INFO | Player O sets token in pos: x: 0, y: 1
2022-09-05 20:37:39.325 | INFO | Board:
· | O | ·
· | · | ·
· | X | ·
2022-09-05 20:37:39.325 | INFO | Waiting input from player: X
2022-09-05 20:37:39.378 | INFO | Player X sets token in pos: x: 0, y: 0
2022-09-05 20:37:39.379 | INFO | Board:
X | O | ·
· | · | ·
· | X | ·
2022-09-05 20:37:39.379 | INFO | Waiting input from player: O
2022-09-05 20:37:39.389 | INFO | Player O sets token in pos: x: 2, y: 0
2022-09-05 20:37:39.389 | INFO | Board:
X | O | ·
· | · | ·
O | X | ·
2022-09-05 20:37:39.389 | INFO | Waiting input from player: X
2022-09-05 20:37:39.399 | INFO | Player X sets token in pos: x: 0, y: 2
2022-09-05 20:37:39.399 | INFO | Board:
X | O | X
· | · | ·
O | X | ·
2022-09-05 20:37:39.399 | INFO | Waiting input from player: O
2022-09-05 20:37:39.414 | INFO | Player O sets token in pos: x: 1, y: 1
2022-09-05 20:37:39.415 | INFO | Board:
X | O | X
· | O | ·
O | X | ·
2022-09-05 20:37:39.415 | INFO | Waiting input from player: X
2022-09-05 20:37:39.430 | INFO | Player X sets token in pos: x: 1, y: 0
2022-09-05 20:37:39.431 | INFO | Board:
X | O | X
X | O | ·
O | X | ·
2022-09-05 20:37:39.431 | INFO | Waiting input from player: O
2022-09-05 20:37:39.448 | INFO | Player O sets token in pos: x: 1, y: 2
2022-09-05 20:37:39.449 | INFO | Board:
X | O | X
X | O | O
O | X | ·
2022-09-05 20:37:39.449 | INFO | Waiting input from player: X
2022-09-05 20:37:39.466 | INFO | Player X sets token in pos: x: 2, y: 2
2022-09-05 20:37:39.468 | INFO | It's a draw
2022-09-05 20:37:39.468 | INFO | Board:
X | O | X
X | O | O
O | X | X
2022-09-05 20:37:39.468 | INFO | Current game stats:
Time                  -->	2022-09-05 20:37:39.468107
Full screen           -->	     False
------                -->	    ------
Tournaments to play   -->	        10
Games for tournament  -->	         2
Turn max time in secs -->	        15
-------               -->	    ------
Current Tournament    -->	         9
Current Game          -->	         2
--------              -->	------------
Player 1 Game stats for current tournament-->	          
	* Token              -->	         X
	* Computer Controlled-->	      True
----                  -->	    ------
	* Total Draws        -->	        18
	* Total Games Played -->	        18
	* Victories          -->	         0
	* Defeats            -->	         0
	* Draws              -->	         2
	* Tournament Victories-->	         0
---------             -->	------------
Player 2 Game stats for current tournament-->	          
	+ Token              -->	         O
	+ Computer Controlled-->	      True
---                   -->	    ------
	+ Total Draws        -->	        18
	+ Total Games Played -->	        18
	+ Victories          -->	         0
	+ Defeats            -->	         0
	+ Draws              -->	         2
	+ Tournament Victories-->	         0
----------            -->	------------
Tournament Winner     -->	         -
-----------           -->	    ------
Tournaments Winners   -->	 ---------
--------------------------------------------------------------
2022-09-05 20:37:39.491 | INFO | Create board for game: 1 of tournament: 10
· | · | ·
· | · | ·
· | · | ·
2022-09-05 20:37:39.491 | INFO | Create actor of type: ActorType.CELL
2022-09-05 20:37:39.491 | INFO | Create actor of type: ActorType.CELL
2022-09-05 20:37:39.491 | INFO | Create actor of type: ActorType.CELL
2022-09-05 20:37:39.491 | INFO | Create actor of type: ActorType.CELL
2022-09-05 20:37:39.491 | INFO | Create actor of type: ActorType.CELL
2022-09-05 20:37:39.491 | INFO | Create actor of type: ActorType.CELL
2022-09-05 20:37:39.491 | INFO | Create actor of type: ActorType.CELL
2022-09-05 20:37:39.491 | INFO | Create actor of type: ActorType.CELL
2022-09-05 20:37:39.491 | INFO | Create actor of type: ActorType.CELL
2022-09-05 20:37:39.491 | INFO | Waiting input from player: X
2022-09-05 20:37:39.491 | INFO | Create actor of type: ActorType.CLOCK_TIMER_A
2022-09-05 20:37:39.491 | INFO | Player X sets token in pos: x: 1, y: 2
2022-09-05 20:37:39.492 | INFO | Board:
· | · | ·
· | · | X
· | · | ·
2022-09-05 20:37:39.492 | INFO | Waiting input from player: O
2022-09-05 20:37:39.862 | INFO | Player O sets token in pos: x: 0, y: 2
2022-09-05 20:37:39.863 | INFO | Board:
· | · | O
· | · | X
· | · | ·
2022-09-05 20:37:39.863 | INFO | Waiting input from player: X
2022-09-05 20:37:39.914 | INFO | Player X sets token in pos: x: 0, y: 0
2022-09-05 20:37:39.915 | INFO | Board:
X | · | O
· | · | X
· | · | ·
2022-09-05 20:37:39.915 | INFO | Waiting input from player: O
2022-09-05 20:37:39.924 | INFO | Player O sets token in pos: x: 1, y: 0
2022-09-05 20:37:39.924 | INFO | Board:
X | · | O
O | · | X
· | · | ·
2022-09-05 20:37:39.924 | INFO | Waiting input from player: X
2022-09-05 20:37:39.934 | INFO | Player X sets token in pos: x: 0, y: 1
2022-09-05 20:37:39.934 | INFO | Board:
X | X | O
O | · | X
· | · | ·
2022-09-05 20:37:39.934 | INFO | Waiting input from player: O
2022-09-05 20:37:39.948 | INFO | Player O sets token in pos: x: 1, y: 1
2022-09-05 20:37:39.949 | INFO | Board:
X | X | O
O | O | X
· | · | ·
2022-09-05 20:37:39.949 | INFO | Waiting input from player: X
2022-09-05 20:37:39.964 | INFO | Player X sets token in pos: x: 2, y: 0
2022-09-05 20:37:39.965 | INFO | Board:
X | X | O
O | O | X
X | · | ·
2022-09-05 20:37:39.965 | INFO | Waiting input from player: O
2022-09-05 20:37:39.981 | INFO | Player O sets token in pos: x: 2, y: 1
2022-09-05 20:37:39.982 | INFO | Board:
X | X | O
O | O | X
X | O | ·
2022-09-05 20:37:39.982 | INFO | Waiting input from player: X
2022-09-05 20:37:39.998 | INFO | Player X sets token in pos: x: 2, y: 2
2022-09-05 20:37:39.999 | INFO | It's a draw
2022-09-05 20:37:39.999 | INFO | Board:
X | X | O
O | O | X
X | O | X
2022-09-05 20:37:39.999 | INFO | Current game stats:
Time                  -->	2022-09-05 20:37:39.999996
Full screen           -->	     False
------                -->	    ------
Tournaments to play   -->	        10
Games for tournament  -->	         2
Turn max time in secs -->	        15
-------               -->	    ------
Current Tournament    -->	        10
Current Game          -->	         1
--------              -->	------------
Player 1 Game stats for current tournament-->	          
	* Token              -->	         X
	* Computer Controlled-->	      True
----                  -->	    ------
	* Total Draws        -->	        19
	* Total Games Played -->	        19
	* Victories          -->	         0
	* Defeats            -->	         0
	* Draws              -->	         1
	* Tournament Victories-->	         0
---------             -->	------------
Player 2 Game stats for current tournament-->	          
	+ Token              -->	         O
	+ Computer Controlled-->	      True
---                   -->	    ------
	+ Total Draws        -->	        19
	+ Total Games Played -->	        19
	+ Victories          -->	         0
	+ Defeats            -->	         0
	+ Draws              -->	         1
	+ Tournament Victories-->	         0
----------            -->	------------
Tournament Winner     -->	          
-----------           -->	    ------
Tournaments Winners   -->	 ---------
--------------------------------------------------------------
2022-09-05 20:37:40.021 | INFO | Create board for game: 2 of tournament: 10
· | · | ·
· | · | ·
· | · | ·
2022-09-05 20:37:40.021 | INFO | Create actor of type: ActorType.CELL
2022-09-05 20:37:40.021 | INFO | Create actor of type: ActorType.CELL
2022-09-05 20:37:40.021 | INFO | Create actor of type: ActorType.CELL
2022-09-05 20:37:40.021 | INFO | Create actor of type: ActorType.CELL
2022-09-05 20:37:40.021 | INFO | Create actor of type: ActorType.CELL
2022-09-05 20:37:40.021 | INFO | Create actor of type: ActorType.CELL
2022-09-05 20:37:40.021 | INFO | Create actor of type: ActorType.CELL
2022-09-05 20:37:40.021 | INFO | Create actor of type: ActorType.CELL
2022-09-05 20:37:40.021 | INFO | Create actor of type: ActorType.CELL
2022-09-05 20:37:40.021 | INFO | Waiting input from player: X
2022-09-05 20:37:40.021 | INFO | Create actor of type: ActorType.CLOCK_TIMER_A
2022-09-05 20:37:40.021 | INFO | Player X sets token in pos: x: 1, y: 2
2022-09-05 20:37:40.023 | INFO | Board:
· | · | ·
· | · | X
· | · | ·
2022-09-05 20:37:40.023 | INFO | Waiting input from player: O
2022-09-05 20:37:40.384 | INFO | Player O sets token in pos: x: 0, y: 2
2022-09-05 20:37:40.385 | INFO | Board:
· | · | O
· | · | X
· | · | ·
2022-09-05 20:37:40.385 | INFO | Waiting input from player: X
2022-09-05 20:37:40.433 | INFO | Player X sets token in pos: x: 0, y: 0
2022-09-05 20:37:40.435 | INFO | Board:
X | · | O
· | · | X
· | · | ·
2022-09-05 20:37:40.435 | INFO | Waiting input from player: O
2022-09-05 20:37:40.443 | INFO | Player O sets token in pos: x: 1, y: 0
2022-09-05 20:37:40.444 | INFO | Board:
X | · | O
O | · | X
· | · | ·
2022-09-05 20:37:40.444 | INFO | Waiting input from player: X
2022-09-05 20:37:40.454 | INFO | Player X sets token in pos: x: 0, y: 1
2022-09-05 20:37:40.454 | INFO | Board:
X | X | O
O | · | X
· | · | ·
2022-09-05 20:37:40.454 | INFO | Waiting input from player: O
2022-09-05 20:37:40.469 | INFO | Player O sets token in pos: x: 1, y: 1
2022-09-05 20:37:40.470 | INFO | Board:
X | X | O
O | O | X
· | · | ·
2022-09-05 20:37:40.470 | INFO | Waiting input from player: X
2022-09-05 20:37:40.485 | INFO | Player X sets token in pos: x: 2, y: 0
2022-09-05 20:37:40.486 | INFO | Board:
X | X | O
O | O | X
X | · | ·
2022-09-05 20:37:40.486 | INFO | Waiting input from player: O
2022-09-05 20:37:40.501 | INFO | Player O sets token in pos: x: 2, y: 1
2022-09-05 20:37:40.503 | INFO | Board:
X | X | O
O | O | X
X | O | ·
2022-09-05 20:37:40.503 | INFO | Waiting input from player: X
2022-09-05 20:37:40.519 | INFO | Player X sets token in pos: x: 2, y: 2
2022-09-05 20:37:40.521 | INFO | It's a draw
2022-09-05 20:37:40.521 | INFO | Board:
X | X | O
O | O | X
X | O | X
2022-09-05 20:37:40.521 | INFO | Current game stats:
Time                  -->	2022-09-05 20:37:40.521532
Full screen           -->	     False
------                -->	    ------
Tournaments to play   -->	        10
Games for tournament  -->	         2
Turn max time in secs -->	        15
-------               -->	    ------
Current Tournament    -->	        10
Current Game          -->	         2
--------              -->	------------
Player 1 Game stats for current tournament-->	          
	* Token              -->	         X
	* Computer Controlled-->	      True
----                  -->	    ------
	* Total Draws        -->	        20
	* Total Games Played -->	        20
	* Victories          -->	         0
	* Defeats            -->	         0
	* Draws              -->	         2
	* Tournament Victories-->	         0
---------             -->	------------
Player 2 Game stats for current tournament-->	          
	+ Token              -->	         O
	+ Computer Controlled-->	      True
---                   -->	    ------
	+ Total Draws        -->	        20
	+ Total Games Played -->	        20
	+ Victories          -->	         0
	+ Defeats            -->	         0
	+ Draws              -->	         2
	+ Tournament Victories-->	         0
----------            -->	------------
Tournament Winner     -->	         -
-----------           -->	    ------
Tournaments Winners   -->	----------
--------------------------------------------------------------
2022-09-05 20:37:40.543 | INFO | Winner of this Tic Tac Toe campaign: It's a draw. Score: 0 to 0
2022-09-05 20:37:40.543 | INFO | End app tictactoe
